<?xml version="1.0" encoding="UTF-8"?>
<robot generator="Robot 7.0.1 (Python 3.10.12 on linux)" generated="2024-07-29T15:35:56.551023" rpa="false" schemaversion="5">
<suite id="s1" name="Test Bdd" source="/home/victor-machado/Projects/robot_practice/test_bdd.robot">
<test id="s1-t1" name="Test Automation Practice using Robot Framework" line="30">
<kw name="Open in Chrome Browser" owner="commonKeywords">
<kw name="Open Browser" owner="SeleniumLibrary">
<msg time="2024-07-29T15:35:56.676657" level="INFO">Opening browser 'chrome' to base url 'https://testautomationpractice.blogspot.com/'.</msg>
<arg>${address}</arg>
<arg>chrome</arg>
<doc>Opens a new browser instance to the optional ``url``.</doc>
<status status="PASS" start="2024-07-29T15:35:56.676389" elapsed="3.825417"/>
</kw>
<kw name="Maximize Browser Window" owner="SeleniumLibrary">
<doc>Maximizes current browser window.</doc>
<status status="PASS" start="2024-07-29T15:36:00.502115" elapsed="0.023449"/>
</kw>
<arg>${url}</arg>
<status status="PASS" start="2024-07-29T15:35:56.675685" elapsed="3.850331"/>
</kw>
<kw name="Page Should Contain Element" owner="SeleniumLibrary">
<msg time="2024-07-29T15:36:00.536729" level="INFO">Current page contains element 'id:header-inner'.</msg>
<arg>${header}</arg>
<doc>Verifies that element ``locator`` is found on the current page.</doc>
<status status="PASS" start="2024-07-29T15:36:00.526482" elapsed="0.010670"/>
</kw>
<kw name="Fill TAP Form" owner="testAutomationPractice">
<kw name="Input Text" owner="SeleniumLibrary">
<msg time="2024-07-29T15:36:00.539337" level="INFO">Typing text 'Victor' into text field 'id:name'.</msg>
<arg>${nameInput}</arg>
<arg>${userName}</arg>
<doc>Types the given ``text`` into the text field identified by ``locator``.</doc>
<status status="PASS" start="2024-07-29T15:36:00.538721" elapsed="0.072066"/>
</kw>
<kw name="Input Text" owner="SeleniumLibrary">
<msg time="2024-07-29T15:36:00.611417" level="INFO">Typing text 'victormurilo@gmail.com' into text field 'id:email'.</msg>
<arg>${emailInput}</arg>
<arg>${userEmail}</arg>
<doc>Types the given ``text`` into the text field identified by ``locator``.</doc>
<status status="PASS" start="2024-07-29T15:36:00.611077" elapsed="0.060229"/>
</kw>
<kw name="Input Text" owner="SeleniumLibrary">
<msg time="2024-07-29T15:36:00.671940" level="INFO">Typing text '(62)99999-9999' into text field 'id:phone'.</msg>
<arg>${phoneInput}</arg>
<arg>${userPhone}</arg>
<doc>Types the given ``text`` into the text field identified by ``locator``.</doc>
<status status="PASS" start="2024-07-29T15:36:00.671605" elapsed="0.052342"/>
</kw>
<kw name="Input Text" owner="SeleniumLibrary">
<msg time="2024-07-29T15:36:00.724575" level="INFO">Typing text 'Goiania - GO' into text field 'id:textarea'.</msg>
<arg>${addressInput}</arg>
<arg>${userAddress}</arg>
<doc>Types the given ``text`` into the text field identified by ``locator``.</doc>
<status status="PASS" start="2024-07-29T15:36:00.724247" elapsed="0.046495"/>
</kw>
<arg>${userName}</arg>
<arg>${userEmail}</arg>
<arg>${userPhone}</arg>
<arg>${userAddress}</arg>
<status status="PASS" start="2024-07-29T15:36:00.537771" elapsed="0.233198"/>
</kw>
<kw name="Select Female Gender on Form" owner="testAutomationPractice">
<kw name="Click Element" owner="SeleniumLibrary">
<msg time="2024-07-29T15:36:00.772067" level="INFO">Clicking element 'id:female'.</msg>
<arg>${femaleGenderRadioButton}</arg>
<doc>Click the element identified by ``locator``.</doc>
<status status="PASS" start="2024-07-29T15:36:00.771768" elapsed="0.033248"/>
</kw>
<status status="PASS" start="2024-07-29T15:36:00.771373" elapsed="0.033882"/>
</kw>
<kw name="Select Day of List" owner="testAutomationPractice">
<kw name="Select Element On List By Text" owner="lists">
<kw name="Get WebElements" owner="SeleniumLibrary">
<msg time="2024-07-29T15:36:00.815906" level="INFO">${elements} = [&lt;selenium.webdriver.remote.webelement.WebElement (session="13c5d9a2c0ce44b04c5e14edfd78abe3", element="f.86AE3DBB5AAF3EB7C7AADF7A8E254746.d.79D162672EF81917D8A0CAED7538D551.e.55")&gt;, &lt;selenium.webdriv...</msg>
<var>${elements}</var>
<arg>${listLocator}</arg>
<doc>Returns a list of WebElement objects matching the ``locator``.</doc>
<status status="PASS" start="2024-07-29T15:36:00.806699" elapsed="0.009521"/>
</kw>
<for flavor="IN">
<iter>
<kw name="Get Text" owner="SeleniumLibrary">
<msg time="2024-07-29T15:36:00.827930" level="INFO">${elementText} = Sunday</msg>
<var>${elementText}</var>
<arg>${element}</arg>
<doc>Returns the text value of the element identified by ``locator``.</doc>
<status status="PASS" start="2024-07-29T15:36:00.817016" elapsed="0.011107"/>
</kw>
<kw name="Run Keyword If" owner="BuiltIn">
<arg>'${elementText}' == '${targetText}'</arg>
<arg>Click Element</arg>
<arg>${element}</arg>
<doc>Runs the given keyword with the given arguments, if ``condition`` is true.</doc>
<status status="PASS" start="2024-07-29T15:36:00.828374" elapsed="0.000329"/>
</kw>
<kw name="Exit For Loop If" owner="BuiltIn">
<arg>'${elementText}' == '${targetText}'</arg>
<doc>Stops executing the enclosing FOR loop if the ``condition`` is true.</doc>
<status status="PASS" start="2024-07-29T15:36:00.828879" elapsed="0.000279"/>
</kw>
<var name="${element}">&lt;selenium.webdriver.remote.webelement.WebElement (session="13c5d9a2c0ce44b04c5e14edfd78abe3", element="f.86AE3DBB5AAF3EB7C7AADF7A8E254746.d.79D162672EF81917D8A0CAED7538D551.e.55")&gt;</var>
<status status="PASS" start="2024-07-29T15:36:00.816681" elapsed="0.012582"/>
</iter>
<iter>
<kw name="Get Text" owner="SeleniumLibrary">
<msg time="2024-07-29T15:36:00.839910" level="INFO">${elementText} = Monday</msg>
<var>${elementText}</var>
<arg>${element}</arg>
<doc>Returns the text value of the element identified by ``locator``.</doc>
<status status="PASS" start="2024-07-29T15:36:00.829558" elapsed="0.010688"/>
</kw>
<kw name="Run Keyword If" owner="BuiltIn">
<kw name="Click Element" owner="SeleniumLibrary">
<msg time="2024-07-29T15:36:00.842045" level="INFO">Clicking element '&lt;selenium.webdriver.remote.webelement.WebElement (session="13c5d9a2c0ce44b04c5e14edfd78abe3", element="f.86AE3DBB5AAF3EB7C7AADF7A8E254746.d.79D162672EF81917D8A0CAED7538D551.e.56")&gt;'.</msg>
<arg>${element}</arg>
<doc>Click the element identified by ``locator``.</doc>
<status status="PASS" start="2024-07-29T15:36:00.841565" elapsed="0.043828"/>
</kw>
<arg>'${elementText}' == '${targetText}'</arg>
<arg>Click Element</arg>
<arg>${element}</arg>
<doc>Runs the given keyword with the given arguments, if ``condition`` is true.</doc>
<status status="PASS" start="2024-07-29T15:36:00.840633" elapsed="0.045066"/>
</kw>
<kw name="Exit For Loop If" owner="BuiltIn">
<msg time="2024-07-29T15:36:00.886525" level="INFO">Exiting for loop altogether.</msg>
<arg>'${elementText}' == '${targetText}'</arg>
<doc>Stops executing the enclosing FOR loop if the ``condition`` is true.</doc>
<status status="PASS" start="2024-07-29T15:36:00.885998" elapsed="0.000777"/>
</kw>
<var name="${element}">&lt;selenium.webdriver.remote.webelement.WebElement (session="13c5d9a2c0ce44b04c5e14edfd78abe3", element="f.86AE3DBB5AAF3EB7C7AADF7A8E254746.d.79D162672EF81917D8A0CAED7538D551.e.56")&gt;</var>
<status status="PASS" start="2024-07-29T15:36:00.829420" elapsed="0.057492"/>
</iter>
<var>${element}</var>
<value>@{elements}</value>
<status status="PASS" start="2024-07-29T15:36:00.816380" elapsed="0.070657"/>
</for>
<arg>${daysList}</arg>
<arg>${day}</arg>
<status status="PASS" start="2024-07-29T15:36:00.806165" elapsed="0.081038"/>
</kw>
<arg>${mondayText}</arg>
<status status="PASS" start="2024-07-29T15:36:00.805594" elapsed="0.081748"/>
</kw>
<kw name="Select Day of List" owner="testAutomationPractice">
<kw name="Select Element On List By Text" owner="lists">
<kw name="Get WebElements" owner="SeleniumLibrary">
<msg time="2024-07-29T15:36:00.896451" level="INFO">${elements} = [&lt;selenium.webdriver.remote.webelement.WebElement (session="13c5d9a2c0ce44b04c5e14edfd78abe3", element="f.86AE3DBB5AAF3EB7C7AADF7A8E254746.d.79D162672EF81917D8A0CAED7538D551.e.55")&gt;, &lt;selenium.webdriv...</msg>
<var>${elements}</var>
<arg>${listLocator}</arg>
<doc>Returns a list of WebElement objects matching the ``locator``.</doc>
<status status="PASS" start="2024-07-29T15:36:00.888635" elapsed="0.008104"/>
</kw>
<for flavor="IN">
<iter>
<kw name="Get Text" owner="SeleniumLibrary">
<msg time="2024-07-29T15:36:00.905976" level="INFO">${elementText} = Sunday</msg>
<var>${elementText}</var>
<arg>${element}</arg>
<doc>Returns the text value of the element identified by ``locator``.</doc>
<status status="PASS" start="2024-07-29T15:36:00.897776" elapsed="0.008377"/>
</kw>
<kw name="Run Keyword If" owner="BuiltIn">
<arg>'${elementText}' == '${targetText}'</arg>
<arg>Click Element</arg>
<arg>${element}</arg>
<doc>Runs the given keyword with the given arguments, if ``condition`` is true.</doc>
<status status="PASS" start="2024-07-29T15:36:00.906392" elapsed="0.000302"/>
</kw>
<kw name="Exit For Loop If" owner="BuiltIn">
<arg>'${elementText}' == '${targetText}'</arg>
<doc>Stops executing the enclosing FOR loop if the ``condition`` is true.</doc>
<status status="PASS" start="2024-07-29T15:36:00.906862" elapsed="0.000295"/>
</kw>
<var name="${element}">&lt;selenium.webdriver.remote.webelement.WebElement (session="13c5d9a2c0ce44b04c5e14edfd78abe3", element="f.86AE3DBB5AAF3EB7C7AADF7A8E254746.d.79D162672EF81917D8A0CAED7538D551.e.55")&gt;</var>
<status status="PASS" start="2024-07-29T15:36:00.897483" elapsed="0.009769"/>
</iter>
<iter>
<kw name="Get Text" owner="SeleniumLibrary">
<msg time="2024-07-29T15:36:00.914901" level="INFO">${elementText} = Monday</msg>
<var>${elementText}</var>
<arg>${element}</arg>
<doc>Returns the text value of the element identified by ``locator``.</doc>
<status status="PASS" start="2024-07-29T15:36:00.907557" elapsed="0.007596"/>
</kw>
<kw name="Run Keyword If" owner="BuiltIn">
<arg>'${elementText}' == '${targetText}'</arg>
<arg>Click Element</arg>
<arg>${element}</arg>
<doc>Runs the given keyword with the given arguments, if ``condition`` is true.</doc>
<status status="PASS" start="2024-07-29T15:36:00.915499" elapsed="0.000427"/>
</kw>
<kw name="Exit For Loop If" owner="BuiltIn">
<arg>'${elementText}' == '${targetText}'</arg>
<doc>Stops executing the enclosing FOR loop if the ``condition`` is true.</doc>
<status status="PASS" start="2024-07-29T15:36:00.916168" elapsed="0.000398"/>
</kw>
<var name="${element}">&lt;selenium.webdriver.remote.webelement.WebElement (session="13c5d9a2c0ce44b04c5e14edfd78abe3", element="f.86AE3DBB5AAF3EB7C7AADF7A8E254746.d.79D162672EF81917D8A0CAED7538D551.e.56")&gt;</var>
<status status="PASS" start="2024-07-29T15:36:00.907404" elapsed="0.009285"/>
</iter>
<iter>
<kw name="Get Text" owner="SeleniumLibrary">
<msg time="2024-07-29T15:36:00.924235" level="INFO">${elementText} = Tuesday</msg>
<var>${elementText}</var>
<arg>${element}</arg>
<doc>Returns the text value of the element identified by ``locator``.</doc>
<status status="PASS" start="2024-07-29T15:36:00.917140" elapsed="0.007295"/>
</kw>
<kw name="Run Keyword If" owner="BuiltIn">
<arg>'${elementText}' == '${targetText}'</arg>
<arg>Click Element</arg>
<arg>${element}</arg>
<doc>Runs the given keyword with the given arguments, if ``condition`` is true.</doc>
<status status="PASS" start="2024-07-29T15:36:00.924682" elapsed="0.000353"/>
</kw>
<kw name="Exit For Loop If" owner="BuiltIn">
<arg>'${elementText}' == '${targetText}'</arg>
<doc>Stops executing the enclosing FOR loop if the ``condition`` is true.</doc>
<status status="PASS" start="2024-07-29T15:36:00.925340" elapsed="0.000322"/>
</kw>
<var name="${element}">&lt;selenium.webdriver.remote.webelement.WebElement (session="13c5d9a2c0ce44b04c5e14edfd78abe3", element="f.86AE3DBB5AAF3EB7C7AADF7A8E254746.d.79D162672EF81917D8A0CAED7538D551.e.57")&gt;</var>
<status status="PASS" start="2024-07-29T15:36:00.916921" elapsed="0.008836"/>
</iter>
<iter>
<kw name="Get Text" owner="SeleniumLibrary">
<msg time="2024-07-29T15:36:00.932467" level="INFO">${elementText} = Wednesday</msg>
<var>${elementText}</var>
<arg>${element}</arg>
<doc>Returns the text value of the element identified by ``locator``.</doc>
<status status="PASS" start="2024-07-29T15:36:00.926073" elapsed="0.006577"/>
</kw>
<kw name="Run Keyword If" owner="BuiltIn">
<kw name="Click Element" owner="SeleniumLibrary">
<msg time="2024-07-29T15:36:00.933505" level="INFO">Clicking element '&lt;selenium.webdriver.remote.webelement.WebElement (session="13c5d9a2c0ce44b04c5e14edfd78abe3", element="f.86AE3DBB5AAF3EB7C7AADF7A8E254746.d.79D162672EF81917D8A0CAED7538D551.e.58")&gt;'.</msg>
<arg>${element}</arg>
<doc>Click the element identified by ``locator``.</doc>
<status status="PASS" start="2024-07-29T15:36:00.933255" elapsed="0.020329"/>
</kw>
<arg>'${elementText}' == '${targetText}'</arg>
<arg>Click Element</arg>
<arg>${element}</arg>
<doc>Runs the given keyword with the given arguments, if ``condition`` is true.</doc>
<status status="PASS" start="2024-07-29T15:36:00.932880" elapsed="0.020913"/>
</kw>
<kw name="Exit For Loop If" owner="BuiltIn">
<msg time="2024-07-29T15:36:00.954360" level="INFO">Exiting for loop altogether.</msg>
<arg>'${elementText}' == '${targetText}'</arg>
<doc>Stops executing the enclosing FOR loop if the ``condition`` is true.</doc>
<status status="PASS" start="2024-07-29T15:36:00.953985" elapsed="0.000542"/>
</kw>
<var name="${element}">&lt;selenium.webdriver.remote.webelement.WebElement (session="13c5d9a2c0ce44b04c5e14edfd78abe3", element="f.86AE3DBB5AAF3EB7C7AADF7A8E254746.d.79D162672EF81917D8A0CAED7538D551.e.58")&gt;</var>
<status status="PASS" start="2024-07-29T15:36:00.925916" elapsed="0.028706"/>
</iter>
<var>${element}</var>
<value>@{elements}</value>
<status status="PASS" start="2024-07-29T15:36:00.897076" elapsed="0.057634"/>
</for>
<arg>${daysList}</arg>
<arg>${day}</arg>
<status status="PASS" start="2024-07-29T15:36:00.888267" elapsed="0.066553"/>
</kw>
<arg>${wednesdayText}</arg>
<status status="PASS" start="2024-07-29T15:36:00.887741" elapsed="0.067168"/>
</kw>
<kw name="Validate Day of List is Not Checked" owner="testAutomationPractice">
<kw name="Get WebElements" owner="SeleniumLibrary">
<msg time="2024-07-29T15:36:00.961784" level="INFO">${elements} = [&lt;selenium.webdriver.remote.webelement.WebElement (session="13c5d9a2c0ce44b04c5e14edfd78abe3", element="f.86AE3DBB5AAF3EB7C7AADF7A8E254746.d.79D162672EF81917D8A0CAED7538D551.e.55")&gt;, &lt;selenium.webdriv...</msg>
<var>${elements}</var>
<arg>${daysList}</arg>
<doc>Returns a list of WebElement objects matching the ``locator``.</doc>
<status status="PASS" start="2024-07-29T15:36:00.955739" elapsed="0.006223"/>
</kw>
<for flavor="IN">
<iter>
<kw name="Get Text" owner="SeleniumLibrary">
<msg time="2024-07-29T15:36:00.969025" level="INFO">${elementText} = Sunday</msg>
<var>${elementText}</var>
<arg>${element}</arg>
<doc>Returns the text value of the element identified by ``locator``.</doc>
<status status="PASS" start="2024-07-29T15:36:00.962504" elapsed="0.006693"/>
</kw>
<kw name="Set Variable" owner="BuiltIn">
<msg time="2024-07-29T15:36:00.969858" level="INFO">${inputElement} = xpath=//*[contains(@class, 'post-body')]/div[4]/div/label[text()='Sunday']/preceding-sibling::input</msg>
<var>${inputElement}</var>
<arg>${daysList}/label[text()='${day}']/preceding-sibling::input</arg>
<doc>Returns the given values which can then be assigned to a variables.</doc>
<status status="PASS" start="2024-07-29T15:36:00.969441" elapsed="0.000562"/>
</kw>
<kw name="Run Keyword If" owner="BuiltIn">
<kw name="Checkbox Should Not Be Selected" owner="SeleniumLibrary">
<msg time="2024-07-29T15:36:00.970753" level="INFO">Verifying checkbox 'xpath=//*[contains(@class, 'post-body')]/div[4]/div/label[text()='Sunday']/preceding-sibling::input' is not selected.</msg>
<arg>${inputElement}</arg>
<doc>Verifies checkbox ``locator`` is not selected/checked.</doc>
<status status="PASS" start="2024-07-29T15:36:00.970525" elapsed="0.019816"/>
</kw>
<arg>'${elementText}' == '${day}'</arg>
<arg>Checkbox Should Not Be Selected</arg>
<arg>${inputElement}</arg>
<doc>Runs the given keyword with the given arguments, if ``condition`` is true.</doc>
<status status="PASS" start="2024-07-29T15:36:00.970203" elapsed="0.020340"/>
</kw>
<kw name="Exit For Loop If" owner="BuiltIn">
<msg time="2024-07-29T15:36:00.991286" level="INFO">Exiting for loop altogether.</msg>
<arg>'${elementText}' == '${day}'</arg>
<doc>Stops executing the enclosing FOR loop if the ``condition`` is true.</doc>
<status status="PASS" start="2024-07-29T15:36:00.990734" elapsed="0.000723"/>
</kw>
<var name="${element}">&lt;selenium.webdriver.remote.webelement.WebElement (session="13c5d9a2c0ce44b04c5e14edfd78abe3", element="f.86AE3DBB5AAF3EB7C7AADF7A8E254746.d.79D162672EF81917D8A0CAED7538D551.e.55")&gt;</var>
<status status="PASS" start="2024-07-29T15:36:00.962329" elapsed="0.029234"/>
</iter>
<var>${element}</var>
<value>@{elements}</value>
<status status="PASS" start="2024-07-29T15:36:00.962101" elapsed="0.029552"/>
</for>
<arg>${sundayText}</arg>
<status status="PASS" start="2024-07-29T15:36:00.955278" elapsed="0.036491"/>
</kw>
<kw name="Validate Day of List is Checked" owner="testAutomationPractice">
<kw name="Get WebElements" owner="SeleniumLibrary">
<msg time="2024-07-29T15:36:00.998361" level="INFO">${elements} = [&lt;selenium.webdriver.remote.webelement.WebElement (session="13c5d9a2c0ce44b04c5e14edfd78abe3", element="f.86AE3DBB5AAF3EB7C7AADF7A8E254746.d.79D162672EF81917D8A0CAED7538D551.e.55")&gt;, &lt;selenium.webdriv...</msg>
<var>${elements}</var>
<arg>${daysList}</arg>
<doc>Returns a list of WebElement objects matching the ``locator``.</doc>
<status status="PASS" start="2024-07-29T15:36:00.992519" elapsed="0.006012"/>
</kw>
<for flavor="IN">
<iter>
<kw name="Get Text" owner="SeleniumLibrary">
<msg time="2024-07-29T15:36:01.005326" level="INFO">${elementText} = Sunday</msg>
<var>${elementText}</var>
<arg>${element}</arg>
<doc>Returns the text value of the element identified by ``locator``.</doc>
<status status="PASS" start="2024-07-29T15:36:00.999080" elapsed="0.006433"/>
</kw>
<kw name="Set Variable" owner="BuiltIn">
<msg time="2024-07-29T15:36:01.006077" level="INFO">${inputElement} = xpath=//*[contains(@class, 'post-body')]/div[4]/div/label[text()='Monday']/preceding-sibling::input</msg>
<var>${inputElement}</var>
<arg>${daysList}/label[text()='${day}']/preceding-sibling::input</arg>
<doc>Returns the given values which can then be assigned to a variables.</doc>
<status status="PASS" start="2024-07-29T15:36:01.005743" elapsed="0.000442"/>
</kw>
<kw name="Run Keyword If" owner="BuiltIn">
<arg>'${elementText}' == '${day}'</arg>
<arg>Checkbox Should Be Selected</arg>
<arg>${inputElement}</arg>
<doc>Runs the given keyword with the given arguments, if ``condition`` is true.</doc>
<status status="PASS" start="2024-07-29T15:36:01.006356" elapsed="0.000231"/>
</kw>
<kw name="Exit For Loop If" owner="BuiltIn">
<arg>'${elementText}' == '${day}'</arg>
<doc>Stops executing the enclosing FOR loop if the ``condition`` is true.</doc>
<status status="PASS" start="2024-07-29T15:36:01.006731" elapsed="0.000247"/>
</kw>
<var name="${element}">&lt;selenium.webdriver.remote.webelement.WebElement (session="13c5d9a2c0ce44b04c5e14edfd78abe3", element="f.86AE3DBB5AAF3EB7C7AADF7A8E254746.d.79D162672EF81917D8A0CAED7538D551.e.55")&gt;</var>
<status status="PASS" start="2024-07-29T15:36:00.998893" elapsed="0.008173"/>
</iter>
<iter>
<kw name="Get Text" owner="SeleniumLibrary">
<msg time="2024-07-29T15:36:01.013811" level="INFO">${elementText} = Monday</msg>
<var>${elementText}</var>
<arg>${element}</arg>
<doc>Returns the text value of the element identified by ``locator``.</doc>
<status status="PASS" start="2024-07-29T15:36:01.007355" elapsed="0.006633"/>
</kw>
<kw name="Set Variable" owner="BuiltIn">
<msg time="2024-07-29T15:36:01.014544" level="INFO">${inputElement} = xpath=//*[contains(@class, 'post-body')]/div[4]/div/label[text()='Monday']/preceding-sibling::input</msg>
<var>${inputElement}</var>
<arg>${daysList}/label[text()='${day}']/preceding-sibling::input</arg>
<doc>Returns the given values which can then be assigned to a variables.</doc>
<status status="PASS" start="2024-07-29T15:36:01.014208" elapsed="0.000430"/>
</kw>
<kw name="Run Keyword If" owner="BuiltIn">
<kw name="Checkbox Should Be Selected" owner="SeleniumLibrary">
<msg time="2024-07-29T15:36:01.015297" level="INFO">Verifying checkbox 'xpath=//*[contains(@class, 'post-body')]/div[4]/div/label[text()='Monday']/preceding-sibling::input' is selected.</msg>
<arg>${inputElement}</arg>
<doc>Verifies checkbox ``locator`` is selected/checked.</doc>
<status status="PASS" start="2024-07-29T15:36:01.015074" elapsed="0.046578"/>
</kw>
<arg>'${elementText}' == '${day}'</arg>
<arg>Checkbox Should Be Selected</arg>
<arg>${inputElement}</arg>
<doc>Runs the given keyword with the given arguments, if ``condition`` is true.</doc>
<status status="PASS" start="2024-07-29T15:36:01.014793" elapsed="0.047171"/>
</kw>
<kw name="Exit For Loop If" owner="BuiltIn">
<msg time="2024-07-29T15:36:01.063047" level="INFO">Exiting for loop altogether.</msg>
<arg>'${elementText}' == '${day}'</arg>
<doc>Stops executing the enclosing FOR loop if the ``condition`` is true.</doc>
<status status="PASS" start="2024-07-29T15:36:01.062311" elapsed="0.001106"/>
</kw>
<var name="${element}">&lt;selenium.webdriver.remote.webelement.WebElement (session="13c5d9a2c0ce44b04c5e14edfd78abe3", element="f.86AE3DBB5AAF3EB7C7AADF7A8E254746.d.79D162672EF81917D8A0CAED7538D551.e.56")&gt;</var>
<status status="PASS" start="2024-07-29T15:36:01.007221" elapsed="0.056435"/>
</iter>
<var>${element}</var>
<value>@{elements}</value>
<status status="PASS" start="2024-07-29T15:36:00.998668" elapsed="0.065150"/>
</for>
<arg>${mondayText}</arg>
<status status="PASS" start="2024-07-29T15:36:00.992142" elapsed="0.071866"/>
</kw>
<kw name="Validate Day of List is Not Checked" owner="testAutomationPractice">
<kw name="Get WebElements" owner="SeleniumLibrary">
<msg time="2024-07-29T15:36:01.072212" level="INFO">${elements} = [&lt;selenium.webdriver.remote.webelement.WebElement (session="13c5d9a2c0ce44b04c5e14edfd78abe3", element="f.86AE3DBB5AAF3EB7C7AADF7A8E254746.d.79D162672EF81917D8A0CAED7538D551.e.55")&gt;, &lt;selenium.webdriv...</msg>
<var>${elements}</var>
<arg>${daysList}</arg>
<doc>Returns a list of WebElement objects matching the ``locator``.</doc>
<status status="PASS" start="2024-07-29T15:36:01.065436" elapsed="0.006975"/>
</kw>
<for flavor="IN">
<iter>
<kw name="Get Text" owner="SeleniumLibrary">
<msg time="2024-07-29T15:36:01.083412" level="INFO">${elementText} = Sunday</msg>
<var>${elementText}</var>
<arg>${element}</arg>
<doc>Returns the text value of the element identified by ``locator``.</doc>
<status status="PASS" start="2024-07-29T15:36:01.073220" elapsed="0.010435"/>
</kw>
<kw name="Set Variable" owner="BuiltIn">
<msg time="2024-07-29T15:36:01.084252" level="INFO">${inputElement} = xpath=//*[contains(@class, 'post-body')]/div[4]/div/label[text()='Tuesday']/preceding-sibling::input</msg>
<var>${inputElement}</var>
<arg>${daysList}/label[text()='${day}']/preceding-sibling::input</arg>
<doc>Returns the given values which can then be assigned to a variables.</doc>
<status status="PASS" start="2024-07-29T15:36:01.083905" elapsed="0.000458"/>
</kw>
<kw name="Run Keyword If" owner="BuiltIn">
<arg>'${elementText}' == '${day}'</arg>
<arg>Checkbox Should Not Be Selected</arg>
<arg>${inputElement}</arg>
<doc>Runs the given keyword with the given arguments, if ``condition`` is true.</doc>
<status status="PASS" start="2024-07-29T15:36:01.084540" elapsed="0.000233"/>
</kw>
<kw name="Exit For Loop If" owner="BuiltIn">
<arg>'${elementText}' == '${day}'</arg>
<doc>Stops executing the enclosing FOR loop if the ``condition`` is true.</doc>
<status status="PASS" start="2024-07-29T15:36:01.084918" elapsed="0.000273"/>
</kw>
<var name="${element}">&lt;selenium.webdriver.remote.webelement.WebElement (session="13c5d9a2c0ce44b04c5e14edfd78abe3", element="f.86AE3DBB5AAF3EB7C7AADF7A8E254746.d.79D162672EF81917D8A0CAED7538D551.e.55")&gt;</var>
<status status="PASS" start="2024-07-29T15:36:01.072930" elapsed="0.012382"/>
</iter>
<iter>
<kw name="Get Text" owner="SeleniumLibrary">
<msg time="2024-07-29T15:36:01.091551" level="INFO">${elementText} = Monday</msg>
<var>${elementText}</var>
<arg>${element}</arg>
<doc>Returns the text value of the element identified by ``locator``.</doc>
<status status="PASS" start="2024-07-29T15:36:01.085610" elapsed="0.006122"/>
</kw>
<kw name="Set Variable" owner="BuiltIn">
<msg time="2024-07-29T15:36:01.092451" level="INFO">${inputElement} = xpath=//*[contains(@class, 'post-body')]/div[4]/div/label[text()='Tuesday']/preceding-sibling::input</msg>
<var>${inputElement}</var>
<arg>${daysList}/label[text()='${day}']/preceding-sibling::input</arg>
<doc>Returns the given values which can then be assigned to a variables.</doc>
<status status="PASS" start="2024-07-29T15:36:01.092053" elapsed="0.000556"/>
</kw>
<kw name="Run Keyword If" owner="BuiltIn">
<arg>'${elementText}' == '${day}'</arg>
<arg>Checkbox Should Not Be Selected</arg>
<arg>${inputElement}</arg>
<doc>Runs the given keyword with the given arguments, if ``condition`` is true.</doc>
<status status="PASS" start="2024-07-29T15:36:01.092873" elapsed="0.000252"/>
</kw>
<kw name="Exit For Loop If" owner="BuiltIn">
<arg>'${elementText}' == '${day}'</arg>
<doc>Stops executing the enclosing FOR loop if the ``condition`` is true.</doc>
<status status="PASS" start="2024-07-29T15:36:01.093289" elapsed="0.000252"/>
</kw>
<var name="${element}">&lt;selenium.webdriver.remote.webelement.WebElement (session="13c5d9a2c0ce44b04c5e14edfd78abe3", element="f.86AE3DBB5AAF3EB7C7AADF7A8E254746.d.79D162672EF81917D8A0CAED7538D551.e.56")&gt;</var>
<status status="PASS" start="2024-07-29T15:36:01.085469" elapsed="0.008153"/>
</iter>
<iter>
<kw name="Get Text" owner="SeleniumLibrary">
<msg time="2024-07-29T15:36:01.100400" level="INFO">${elementText} = Tuesday</msg>
<var>${elementText}</var>
<arg>${element}</arg>
<doc>Returns the text value of the element identified by ``locator``.</doc>
<status status="PASS" start="2024-07-29T15:36:01.093900" elapsed="0.006685"/>
</kw>
<kw name="Set Variable" owner="BuiltIn">
<msg time="2024-07-29T15:36:01.101185" level="INFO">${inputElement} = xpath=//*[contains(@class, 'post-body')]/div[4]/div/label[text()='Tuesday']/preceding-sibling::input</msg>
<var>${inputElement}</var>
<arg>${daysList}/label[text()='${day}']/preceding-sibling::input</arg>
<doc>Returns the given values which can then be assigned to a variables.</doc>
<status status="PASS" start="2024-07-29T15:36:01.100825" elapsed="0.000512"/>
</kw>
<kw name="Run Keyword If" owner="BuiltIn">
<kw name="Checkbox Should Not Be Selected" owner="SeleniumLibrary">
<msg time="2024-07-29T15:36:01.102054" level="INFO">Verifying checkbox 'xpath=//*[contains(@class, 'post-body')]/div[4]/div/label[text()='Tuesday']/preceding-sibling::input' is not selected.</msg>
<arg>${inputElement}</arg>
<doc>Verifies checkbox ``locator`` is not selected/checked.</doc>
<status status="PASS" start="2024-07-29T15:36:01.101829" elapsed="0.019368"/>
</kw>
<arg>'${elementText}' == '${day}'</arg>
<arg>Checkbox Should Not Be Selected</arg>
<arg>${inputElement}</arg>
<doc>Runs the given keyword with the given arguments, if ``condition`` is true.</doc>
<status status="PASS" start="2024-07-29T15:36:01.101516" elapsed="0.019904"/>
</kw>
<kw name="Exit For Loop If" owner="BuiltIn">
<msg time="2024-07-29T15:36:01.121959" level="INFO">Exiting for loop altogether.</msg>
<arg>'${elementText}' == '${day}'</arg>
<doc>Stops executing the enclosing FOR loop if the ``condition`` is true.</doc>
<status status="PASS" start="2024-07-29T15:36:01.121614" elapsed="0.000500"/>
</kw>
<var name="${element}">&lt;selenium.webdriver.remote.webelement.WebElement (session="13c5d9a2c0ce44b04c5e14edfd78abe3", element="f.86AE3DBB5AAF3EB7C7AADF7A8E254746.d.79D162672EF81917D8A0CAED7538D551.e.57")&gt;</var>
<status status="PASS" start="2024-07-29T15:36:01.093770" elapsed="0.028436"/>
</iter>
<var>${element}</var>
<value>@{elements}</value>
<status status="PASS" start="2024-07-29T15:36:01.072561" elapsed="0.049728"/>
</for>
<arg>${tuesdayText}</arg>
<status status="PASS" start="2024-07-29T15:36:01.064668" elapsed="0.057766"/>
</kw>
<kw name="Validate Day of List is Checked" owner="testAutomationPractice">
<kw name="Get WebElements" owner="SeleniumLibrary">
<msg time="2024-07-29T15:36:01.129313" level="INFO">${elements} = [&lt;selenium.webdriver.remote.webelement.WebElement (session="13c5d9a2c0ce44b04c5e14edfd78abe3", element="f.86AE3DBB5AAF3EB7C7AADF7A8E254746.d.79D162672EF81917D8A0CAED7538D551.e.55")&gt;, &lt;selenium.webdriv...</msg>
<var>${elements}</var>
<arg>${daysList}</arg>
<doc>Returns a list of WebElement objects matching the ``locator``.</doc>
<status status="PASS" start="2024-07-29T15:36:01.123373" elapsed="0.006111"/>
</kw>
<for flavor="IN">
<iter>
<kw name="Get Text" owner="SeleniumLibrary">
<msg time="2024-07-29T15:36:01.135763" level="INFO">${elementText} = Sunday</msg>
<var>${elementText}</var>
<arg>${element}</arg>
<doc>Returns the text value of the element identified by ``locator``.</doc>
<status status="PASS" start="2024-07-29T15:36:01.130020" elapsed="0.005919"/>
</kw>
<kw name="Set Variable" owner="BuiltIn">
<msg time="2024-07-29T15:36:01.136618" level="INFO">${inputElement} = xpath=//*[contains(@class, 'post-body')]/div[4]/div/label[text()='Wednesday']/preceding-sibling::input</msg>
<var>${inputElement}</var>
<arg>${daysList}/label[text()='${day}']/preceding-sibling::input</arg>
<doc>Returns the given values which can then be assigned to a variables.</doc>
<status status="PASS" start="2024-07-29T15:36:01.136189" elapsed="0.000571"/>
</kw>
<kw name="Run Keyword If" owner="BuiltIn">
<arg>'${elementText}' == '${day}'</arg>
<arg>Checkbox Should Be Selected</arg>
<arg>${inputElement}</arg>
<doc>Runs the given keyword with the given arguments, if ``condition`` is true.</doc>
<status status="PASS" start="2024-07-29T15:36:01.136955" elapsed="0.000355"/>
</kw>
<kw name="Exit For Loop If" owner="BuiltIn">
<arg>'${elementText}' == '${day}'</arg>
<doc>Stops executing the enclosing FOR loop if the ``condition`` is true.</doc>
<status status="PASS" start="2024-07-29T15:36:01.137559" elapsed="0.000279"/>
</kw>
<var name="${element}">&lt;selenium.webdriver.remote.webelement.WebElement (session="13c5d9a2c0ce44b04c5e14edfd78abe3", element="f.86AE3DBB5AAF3EB7C7AADF7A8E254746.d.79D162672EF81917D8A0CAED7538D551.e.55")&gt;</var>
<status status="PASS" start="2024-07-29T15:36:01.129846" elapsed="0.008077"/>
</iter>
<iter>
<kw name="Get Text" owner="SeleniumLibrary">
<msg time="2024-07-29T15:36:01.144721" level="INFO">${elementText} = Monday</msg>
<var>${elementText}</var>
<arg>${element}</arg>
<doc>Returns the text value of the element identified by ``locator``.</doc>
<status status="PASS" start="2024-07-29T15:36:01.138372" elapsed="0.006515"/>
</kw>
<kw name="Set Variable" owner="BuiltIn">
<msg time="2024-07-29T15:36:01.145447" level="INFO">${inputElement} = xpath=//*[contains(@class, 'post-body')]/div[4]/div/label[text()='Wednesday']/preceding-sibling::input</msg>
<var>${inputElement}</var>
<arg>${daysList}/label[text()='${day}']/preceding-sibling::input</arg>
<doc>Returns the given values which can then be assigned to a variables.</doc>
<status status="PASS" start="2024-07-29T15:36:01.145106" elapsed="0.000438"/>
</kw>
<kw name="Run Keyword If" owner="BuiltIn">
<arg>'${elementText}' == '${day}'</arg>
<arg>Checkbox Should Be Selected</arg>
<arg>${inputElement}</arg>
<doc>Runs the given keyword with the given arguments, if ``condition`` is true.</doc>
<status status="PASS" start="2024-07-29T15:36:01.145711" elapsed="0.000228"/>
</kw>
<kw name="Exit For Loop If" owner="BuiltIn">
<arg>'${elementText}' == '${day}'</arg>
<doc>Stops executing the enclosing FOR loop if the ``condition`` is true.</doc>
<status status="PASS" start="2024-07-29T15:36:01.146084" elapsed="0.000247"/>
</kw>
<var name="${element}">&lt;selenium.webdriver.remote.webelement.WebElement (session="13c5d9a2c0ce44b04c5e14edfd78abe3", element="f.86AE3DBB5AAF3EB7C7AADF7A8E254746.d.79D162672EF81917D8A0CAED7538D551.e.56")&gt;</var>
<status status="PASS" start="2024-07-29T15:36:01.138075" elapsed="0.008338"/>
</iter>
<iter>
<kw name="Get Text" owner="SeleniumLibrary">
<msg time="2024-07-29T15:36:01.152709" level="INFO">${elementText} = Tuesday</msg>
<var>${elementText}</var>
<arg>${element}</arg>
<doc>Returns the text value of the element identified by ``locator``.</doc>
<status status="PASS" start="2024-07-29T15:36:01.146687" elapsed="0.006204"/>
</kw>
<kw name="Set Variable" owner="BuiltIn">
<msg time="2024-07-29T15:36:01.153719" level="INFO">${inputElement} = xpath=//*[contains(@class, 'post-body')]/div[4]/div/label[text()='Wednesday']/preceding-sibling::input</msg>
<var>${inputElement}</var>
<arg>${daysList}/label[text()='${day}']/preceding-sibling::input</arg>
<doc>Returns the given values which can then be assigned to a variables.</doc>
<status status="PASS" start="2024-07-29T15:36:01.153307" elapsed="0.000540"/>
</kw>
<kw name="Run Keyword If" owner="BuiltIn">
<arg>'${elementText}' == '${day}'</arg>
<arg>Checkbox Should Be Selected</arg>
<arg>${inputElement}</arg>
<doc>Runs the given keyword with the given arguments, if ``condition`` is true.</doc>
<status status="PASS" start="2024-07-29T15:36:01.154050" elapsed="0.000239"/>
</kw>
<kw name="Exit For Loop If" owner="BuiltIn">
<arg>'${elementText}' == '${day}'</arg>
<doc>Stops executing the enclosing FOR loop if the ``condition`` is true.</doc>
<status status="PASS" start="2024-07-29T15:36:01.154446" elapsed="0.000246"/>
</kw>
<var name="${element}">&lt;selenium.webdriver.remote.webelement.WebElement (session="13c5d9a2c0ce44b04c5e14edfd78abe3", element="f.86AE3DBB5AAF3EB7C7AADF7A8E254746.d.79D162672EF81917D8A0CAED7538D551.e.57")&gt;</var>
<status status="PASS" start="2024-07-29T15:36:01.146561" elapsed="0.008213"/>
</iter>
<iter>
<kw name="Get Text" owner="SeleniumLibrary">
<msg time="2024-07-29T15:36:01.160795" level="INFO">${elementText} = Wednesday</msg>
<var>${elementText}</var>
<arg>${element}</arg>
<doc>Returns the text value of the element identified by ``locator``.</doc>
<status status="PASS" start="2024-07-29T15:36:01.155057" elapsed="0.005905"/>
</kw>
<kw name="Set Variable" owner="BuiltIn">
<msg time="2024-07-29T15:36:01.161532" level="INFO">${inputElement} = xpath=//*[contains(@class, 'post-body')]/div[4]/div/label[text()='Wednesday']/preceding-sibling::input</msg>
<var>${inputElement}</var>
<arg>${daysList}/label[text()='${day}']/preceding-sibling::input</arg>
<doc>Returns the given values which can then be assigned to a variables.</doc>
<status status="PASS" start="2024-07-29T15:36:01.161182" elapsed="0.000448"/>
</kw>
<kw name="Run Keyword If" owner="BuiltIn">
<kw name="Checkbox Should Be Selected" owner="SeleniumLibrary">
<msg time="2024-07-29T15:36:01.162280" level="INFO">Verifying checkbox 'xpath=//*[contains(@class, 'post-body')]/div[4]/div/label[text()='Wednesday']/preceding-sibling::input' is selected.</msg>
<arg>${inputElement}</arg>
<doc>Verifies checkbox ``locator`` is selected/checked.</doc>
<status status="PASS" start="2024-07-29T15:36:01.162068" elapsed="0.015273"/>
</kw>
<arg>'${elementText}' == '${day}'</arg>
<arg>Checkbox Should Be Selected</arg>
<arg>${inputElement}</arg>
<doc>Runs the given keyword with the given arguments, if ``condition`` is true.</doc>
<status status="PASS" start="2024-07-29T15:36:01.161784" elapsed="0.015743"/>
</kw>
<kw name="Exit For Loop If" owner="BuiltIn">
<msg time="2024-07-29T15:36:01.178076" level="INFO">Exiting for loop altogether.</msg>
<arg>'${elementText}' == '${day}'</arg>
<doc>Stops executing the enclosing FOR loop if the ``condition`` is true.</doc>
<status status="PASS" start="2024-07-29T15:36:01.177742" elapsed="0.000481"/>
</kw>
<var name="${element}">&lt;selenium.webdriver.remote.webelement.WebElement (session="13c5d9a2c0ce44b04c5e14edfd78abe3", element="f.86AE3DBB5AAF3EB7C7AADF7A8E254746.d.79D162672EF81917D8A0CAED7538D551.e.58")&gt;</var>
<status status="PASS" start="2024-07-29T15:36:01.154926" elapsed="0.023386"/>
</iter>
<var>${element}</var>
<value>@{elements}</value>
<status status="PASS" start="2024-07-29T15:36:01.129619" elapsed="0.048773"/>
</for>
<arg>${wednesdayText}</arg>
<status status="PASS" start="2024-07-29T15:36:01.122963" elapsed="0.055539"/>
</kw>
<kw name="Validate Day of List is Not Checked" owner="testAutomationPractice">
<kw name="Get WebElements" owner="SeleniumLibrary">
<msg time="2024-07-29T15:36:01.185436" level="INFO">${elements} = [&lt;selenium.webdriver.remote.webelement.WebElement (session="13c5d9a2c0ce44b04c5e14edfd78abe3", element="f.86AE3DBB5AAF3EB7C7AADF7A8E254746.d.79D162672EF81917D8A0CAED7538D551.e.55")&gt;, &lt;selenium.webdriv...</msg>
<var>${elements}</var>
<arg>${daysList}</arg>
<doc>Returns a list of WebElement objects matching the ``locator``.</doc>
<status status="PASS" start="2024-07-29T15:36:01.179382" elapsed="0.006233"/>
</kw>
<for flavor="IN">
<iter>
<kw name="Get Text" owner="SeleniumLibrary">
<msg time="2024-07-29T15:36:01.191814" level="INFO">${elementText} = Sunday</msg>
<var>${elementText}</var>
<arg>${element}</arg>
<doc>Returns the text value of the element identified by ``locator``.</doc>
<status status="PASS" start="2024-07-29T15:36:01.186151" elapsed="0.005834"/>
</kw>
<kw name="Set Variable" owner="BuiltIn">
<msg time="2024-07-29T15:36:01.192540" level="INFO">${inputElement} = xpath=//*[contains(@class, 'post-body')]/div[4]/div/label[text()='Thursday']/preceding-sibling::input</msg>
<var>${inputElement}</var>
<arg>${daysList}/label[text()='${day}']/preceding-sibling::input</arg>
<doc>Returns the given values which can then be assigned to a variables.</doc>
<status status="PASS" start="2024-07-29T15:36:01.192205" elapsed="0.000440"/>
</kw>
<kw name="Run Keyword If" owner="BuiltIn">
<arg>'${elementText}' == '${day}'</arg>
<arg>Checkbox Should Not Be Selected</arg>
<arg>${inputElement}</arg>
<doc>Runs the given keyword with the given arguments, if ``condition`` is true.</doc>
<status status="PASS" start="2024-07-29T15:36:01.192810" elapsed="0.000221"/>
</kw>
<kw name="Exit For Loop If" owner="BuiltIn">
<arg>'${elementText}' == '${day}'</arg>
<doc>Stops executing the enclosing FOR loop if the ``condition`` is true.</doc>
<status status="PASS" start="2024-07-29T15:36:01.193168" elapsed="0.000250"/>
</kw>
<var name="${element}">&lt;selenium.webdriver.remote.webelement.WebElement (session="13c5d9a2c0ce44b04c5e14edfd78abe3", element="f.86AE3DBB5AAF3EB7C7AADF7A8E254746.d.79D162672EF81917D8A0CAED7538D551.e.55")&gt;</var>
<status status="PASS" start="2024-07-29T15:36:01.185981" elapsed="0.007518"/>
</iter>
<iter>
<kw name="Get Text" owner="SeleniumLibrary">
<msg time="2024-07-29T15:36:01.215217" level="INFO">${elementText} = Monday</msg>
<var>${elementText}</var>
<arg>${element}</arg>
<doc>Returns the text value of the element identified by ``locator``.</doc>
<status status="PASS" start="2024-07-29T15:36:01.193772" elapsed="0.021724"/>
</kw>
<kw name="Set Variable" owner="BuiltIn">
<msg time="2024-07-29T15:36:01.216366" level="INFO">${inputElement} = xpath=//*[contains(@class, 'post-body')]/div[4]/div/label[text()='Thursday']/preceding-sibling::input</msg>
<var>${inputElement}</var>
<arg>${daysList}/label[text()='${day}']/preceding-sibling::input</arg>
<doc>Returns the given values which can then be assigned to a variables.</doc>
<status status="PASS" start="2024-07-29T15:36:01.215849" elapsed="0.000671"/>
</kw>
<kw name="Run Keyword If" owner="BuiltIn">
<arg>'${elementText}' == '${day}'</arg>
<arg>Checkbox Should Not Be Selected</arg>
<arg>${inputElement}</arg>
<doc>Runs the given keyword with the given arguments, if ``condition`` is true.</doc>
<status status="PASS" start="2024-07-29T15:36:01.216779" elapsed="0.000352"/>
</kw>
<kw name="Exit For Loop If" owner="BuiltIn">
<arg>'${elementText}' == '${day}'</arg>
<doc>Stops executing the enclosing FOR loop if the ``condition`` is true.</doc>
<status status="PASS" start="2024-07-29T15:36:01.217384" elapsed="0.000401"/>
</kw>
<var name="${element}">&lt;selenium.webdriver.remote.webelement.WebElement (session="13c5d9a2c0ce44b04c5e14edfd78abe3", element="f.86AE3DBB5AAF3EB7C7AADF7A8E254746.d.79D162672EF81917D8A0CAED7538D551.e.56")&gt;</var>
<status status="PASS" start="2024-07-29T15:36:01.193643" elapsed="0.024268"/>
</iter>
<iter>
<kw name="Get Text" owner="SeleniumLibrary">
<msg time="2024-07-29T15:36:01.228261" level="INFO">${elementText} = Tuesday</msg>
<var>${elementText}</var>
<arg>${element}</arg>
<doc>Returns the text value of the element identified by ``locator``.</doc>
<status status="PASS" start="2024-07-29T15:36:01.218387" elapsed="0.010139"/>
</kw>
<kw name="Set Variable" owner="BuiltIn">
<msg time="2024-07-29T15:36:01.229638" level="INFO">${inputElement} = xpath=//*[contains(@class, 'post-body')]/div[4]/div/label[text()='Thursday']/preceding-sibling::input</msg>
<var>${inputElement}</var>
<arg>${daysList}/label[text()='${day}']/preceding-sibling::input</arg>
<doc>Returns the given values which can then be assigned to a variables.</doc>
<status status="PASS" start="2024-07-29T15:36:01.229007" elapsed="0.000817"/>
</kw>
<kw name="Run Keyword If" owner="BuiltIn">
<arg>'${elementText}' == '${day}'</arg>
<arg>Checkbox Should Not Be Selected</arg>
<arg>${inputElement}</arg>
<doc>Runs the given keyword with the given arguments, if ``condition`` is true.</doc>
<status status="PASS" start="2024-07-29T15:36:01.230119" elapsed="0.000387"/>
</kw>
<kw name="Exit For Loop If" owner="BuiltIn">
<arg>'${elementText}' == '${day}'</arg>
<doc>Stops executing the enclosing FOR loop if the ``condition`` is true.</doc>
<status status="PASS" start="2024-07-29T15:36:01.230756" elapsed="0.000401"/>
</kw>
<var name="${element}">&lt;selenium.webdriver.remote.webelement.WebElement (session="13c5d9a2c0ce44b04c5e14edfd78abe3", element="f.86AE3DBB5AAF3EB7C7AADF7A8E254746.d.79D162672EF81917D8A0CAED7538D551.e.57")&gt;</var>
<status status="PASS" start="2024-07-29T15:36:01.218148" elapsed="0.013136"/>
</iter>
<iter>
<kw name="Get Text" owner="SeleniumLibrary">
<msg time="2024-07-29T15:36:01.241896" level="INFO">${elementText} = Wednesday</msg>
<var>${elementText}</var>
<arg>${element}</arg>
<doc>Returns the text value of the element identified by ``locator``.</doc>
<status status="PASS" start="2024-07-29T15:36:01.231727" elapsed="0.010430"/>
</kw>
<kw name="Set Variable" owner="BuiltIn">
<msg time="2024-07-29T15:36:01.243022" level="INFO">${inputElement} = xpath=//*[contains(@class, 'post-body')]/div[4]/div/label[text()='Thursday']/preceding-sibling::input</msg>
<var>${inputElement}</var>
<arg>${daysList}/label[text()='${day}']/preceding-sibling::input</arg>
<doc>Returns the given values which can then be assigned to a variables.</doc>
<status status="PASS" start="2024-07-29T15:36:01.242501" elapsed="0.000702"/>
</kw>
<kw name="Run Keyword If" owner="BuiltIn">
<arg>'${elementText}' == '${day}'</arg>
<arg>Checkbox Should Not Be Selected</arg>
<arg>${inputElement}</arg>
<doc>Runs the given keyword with the given arguments, if ``condition`` is true.</doc>
<status status="PASS" start="2024-07-29T15:36:01.243429" elapsed="0.000283"/>
</kw>
<kw name="Exit For Loop If" owner="BuiltIn">
<arg>'${elementText}' == '${day}'</arg>
<doc>Stops executing the enclosing FOR loop if the ``condition`` is true.</doc>
<status status="PASS" start="2024-07-29T15:36:01.243887" elapsed="0.000265"/>
</kw>
<var name="${element}">&lt;selenium.webdriver.remote.webelement.WebElement (session="13c5d9a2c0ce44b04c5e14edfd78abe3", element="f.86AE3DBB5AAF3EB7C7AADF7A8E254746.d.79D162672EF81917D8A0CAED7538D551.e.58")&gt;</var>
<status status="PASS" start="2024-07-29T15:36:01.231512" elapsed="0.012725"/>
</iter>
<iter>
<kw name="Get Text" owner="SeleniumLibrary">
<msg time="2024-07-29T15:36:01.251013" level="INFO">${elementText} = Thursday</msg>
<var>${elementText}</var>
<arg>${element}</arg>
<doc>Returns the text value of the element identified by ``locator``.</doc>
<status status="PASS" start="2024-07-29T15:36:01.244559" elapsed="0.006648"/>
</kw>
<kw name="Set Variable" owner="BuiltIn">
<msg time="2024-07-29T15:36:01.251837" level="INFO">${inputElement} = xpath=//*[contains(@class, 'post-body')]/div[4]/div/label[text()='Thursday']/preceding-sibling::input</msg>
<var>${inputElement}</var>
<arg>${daysList}/label[text()='${day}']/preceding-sibling::input</arg>
<doc>Returns the given values which can then be assigned to a variables.</doc>
<status status="PASS" start="2024-07-29T15:36:01.251469" elapsed="0.000485"/>
</kw>
<kw name="Run Keyword If" owner="BuiltIn">
<kw name="Checkbox Should Not Be Selected" owner="SeleniumLibrary">
<msg time="2024-07-29T15:36:01.252673" level="INFO">Verifying checkbox 'xpath=//*[contains(@class, 'post-body')]/div[4]/div/label[text()='Thursday']/preceding-sibling::input' is not selected.</msg>
<arg>${inputElement}</arg>
<doc>Verifies checkbox ``locator`` is not selected/checked.</doc>
<status status="PASS" start="2024-07-29T15:36:01.252444" elapsed="0.020470"/>
</kw>
<arg>'${elementText}' == '${day}'</arg>
<arg>Checkbox Should Not Be Selected</arg>
<arg>${inputElement}</arg>
<doc>Runs the given keyword with the given arguments, if ``condition`` is true.</doc>
<status status="PASS" start="2024-07-29T15:36:01.252130" elapsed="0.020977"/>
</kw>
<kw name="Exit For Loop If" owner="BuiltIn">
<msg time="2024-07-29T15:36:01.273650" level="INFO">Exiting for loop altogether.</msg>
<arg>'${elementText}' == '${day}'</arg>
<doc>Stops executing the enclosing FOR loop if the ``condition`` is true.</doc>
<status status="PASS" start="2024-07-29T15:36:01.273302" elapsed="0.000504"/>
</kw>
<var name="${element}">&lt;selenium.webdriver.remote.webelement.WebElement (session="13c5d9a2c0ce44b04c5e14edfd78abe3", element="f.86AE3DBB5AAF3EB7C7AADF7A8E254746.d.79D162672EF81917D8A0CAED7538D551.e.59")&gt;</var>
<status status="PASS" start="2024-07-29T15:36:01.244404" elapsed="0.029494"/>
</iter>
<var>${element}</var>
<value>@{elements}</value>
<status status="PASS" start="2024-07-29T15:36:01.185753" elapsed="0.088227"/>
</for>
<arg>${thursdayText}</arg>
<status status="PASS" start="2024-07-29T15:36:01.178933" elapsed="0.095154"/>
</kw>
<kw name="Validate Day of List is Not Checked" owner="testAutomationPractice">
<kw name="Get WebElements" owner="SeleniumLibrary">
<msg time="2024-07-29T15:36:01.280643" level="INFO">${elements} = [&lt;selenium.webdriver.remote.webelement.WebElement (session="13c5d9a2c0ce44b04c5e14edfd78abe3", element="f.86AE3DBB5AAF3EB7C7AADF7A8E254746.d.79D162672EF81917D8A0CAED7538D551.e.55")&gt;, &lt;selenium.webdriv...</msg>
<var>${elements}</var>
<arg>${daysList}</arg>
<doc>Returns a list of WebElement objects matching the ``locator``.</doc>
<status status="PASS" start="2024-07-29T15:36:01.274769" elapsed="0.006045"/>
</kw>
<for flavor="IN">
<iter>
<kw name="Get Text" owner="SeleniumLibrary">
<msg time="2024-07-29T15:36:01.288754" level="INFO">${elementText} = Sunday</msg>
<var>${elementText}</var>
<arg>${element}</arg>
<doc>Returns the text value of the element identified by ``locator``.</doc>
<status status="PASS" start="2024-07-29T15:36:01.281369" elapsed="0.007665"/>
</kw>
<kw name="Set Variable" owner="BuiltIn">
<msg time="2024-07-29T15:36:01.289960" level="INFO">${inputElement} = xpath=//*[contains(@class, 'post-body')]/div[4]/div/label[text()='Friday']/preceding-sibling::input</msg>
<var>${inputElement}</var>
<arg>${daysList}/label[text()='${day}']/preceding-sibling::input</arg>
<doc>Returns the given values which can then be assigned to a variables.</doc>
<status status="PASS" start="2024-07-29T15:36:01.289423" elapsed="0.000718"/>
</kw>
<kw name="Run Keyword If" owner="BuiltIn">
<arg>'${elementText}' == '${day}'</arg>
<arg>Checkbox Should Not Be Selected</arg>
<arg>${inputElement}</arg>
<doc>Runs the given keyword with the given arguments, if ``condition`` is true.</doc>
<status status="PASS" start="2024-07-29T15:36:01.290368" elapsed="0.000267"/>
</kw>
<kw name="Exit For Loop If" owner="BuiltIn">
<arg>'${elementText}' == '${day}'</arg>
<doc>Stops executing the enclosing FOR loop if the ``condition`` is true.</doc>
<status status="PASS" start="2024-07-29T15:36:01.290841" elapsed="0.000385"/>
</kw>
<var name="${element}">&lt;selenium.webdriver.remote.webelement.WebElement (session="13c5d9a2c0ce44b04c5e14edfd78abe3", element="f.86AE3DBB5AAF3EB7C7AADF7A8E254746.d.79D162672EF81917D8A0CAED7538D551.e.55")&gt;</var>
<status status="PASS" start="2024-07-29T15:36:01.281179" elapsed="0.010157"/>
</iter>
<iter>
<kw name="Get Text" owner="SeleniumLibrary">
<msg time="2024-07-29T15:36:01.299307" level="INFO">${elementText} = Monday</msg>
<var>${elementText}</var>
<arg>${element}</arg>
<doc>Returns the text value of the element identified by ``locator``.</doc>
<status status="PASS" start="2024-07-29T15:36:01.291711" elapsed="0.007771"/>
</kw>
<kw name="Set Variable" owner="BuiltIn">
<msg time="2024-07-29T15:36:01.300315" level="INFO">${inputElement} = xpath=//*[contains(@class, 'post-body')]/div[4]/div/label[text()='Friday']/preceding-sibling::input</msg>
<var>${inputElement}</var>
<arg>${daysList}/label[text()='${day}']/preceding-sibling::input</arg>
<doc>Returns the given values which can then be assigned to a variables.</doc>
<status status="PASS" start="2024-07-29T15:36:01.299901" elapsed="0.000546"/>
</kw>
<kw name="Run Keyword If" owner="BuiltIn">
<arg>'${elementText}' == '${day}'</arg>
<arg>Checkbox Should Not Be Selected</arg>
<arg>${inputElement}</arg>
<doc>Runs the given keyword with the given arguments, if ``condition`` is true.</doc>
<status status="PASS" start="2024-07-29T15:36:01.300693" elapsed="0.000303"/>
</kw>
<kw name="Exit For Loop If" owner="BuiltIn">
<arg>'${elementText}' == '${day}'</arg>
<doc>Stops executing the enclosing FOR loop if the ``condition`` is true.</doc>
<status status="PASS" start="2024-07-29T15:36:01.301166" elapsed="0.000289"/>
</kw>
<var name="${element}">&lt;selenium.webdriver.remote.webelement.WebElement (session="13c5d9a2c0ce44b04c5e14edfd78abe3", element="f.86AE3DBB5AAF3EB7C7AADF7A8E254746.d.79D162672EF81917D8A0CAED7538D551.e.56")&gt;</var>
<status status="PASS" start="2024-07-29T15:36:01.291503" elapsed="0.010044"/>
</iter>
<iter>
<kw name="Get Text" owner="SeleniumLibrary">
<msg time="2024-07-29T15:36:01.308002" level="INFO">${elementText} = Tuesday</msg>
<var>${elementText}</var>
<arg>${element}</arg>
<doc>Returns the text value of the element identified by ``locator``.</doc>
<status status="PASS" start="2024-07-29T15:36:01.301852" elapsed="0.006329"/>
</kw>
<kw name="Set Variable" owner="BuiltIn">
<msg time="2024-07-29T15:36:01.308729" level="INFO">${inputElement} = xpath=//*[contains(@class, 'post-body')]/div[4]/div/label[text()='Friday']/preceding-sibling::input</msg>
<var>${inputElement}</var>
<arg>${daysList}/label[text()='${day}']/preceding-sibling::input</arg>
<doc>Returns the given values which can then be assigned to a variables.</doc>
<status status="PASS" start="2024-07-29T15:36:01.308403" elapsed="0.000418"/>
</kw>
<kw name="Run Keyword If" owner="BuiltIn">
<arg>'${elementText}' == '${day}'</arg>
<arg>Checkbox Should Not Be Selected</arg>
<arg>${inputElement}</arg>
<doc>Runs the given keyword with the given arguments, if ``condition`` is true.</doc>
<status status="PASS" start="2024-07-29T15:36:01.308976" elapsed="0.000215"/>
</kw>
<kw name="Exit For Loop If" owner="BuiltIn">
<arg>'${elementText}' == '${day}'</arg>
<doc>Stops executing the enclosing FOR loop if the ``condition`` is true.</doc>
<status status="PASS" start="2024-07-29T15:36:01.309352" elapsed="0.000243"/>
</kw>
<var name="${element}">&lt;selenium.webdriver.remote.webelement.WebElement (session="13c5d9a2c0ce44b04c5e14edfd78abe3", element="f.86AE3DBB5AAF3EB7C7AADF7A8E254746.d.79D162672EF81917D8A0CAED7538D551.e.57")&gt;</var>
<status status="PASS" start="2024-07-29T15:36:01.301707" elapsed="0.007969"/>
</iter>
<iter>
<kw name="Get Text" owner="SeleniumLibrary">
<msg time="2024-07-29T15:36:01.315370" level="INFO">${elementText} = Wednesday</msg>
<var>${elementText}</var>
<arg>${element}</arg>
<doc>Returns the text value of the element identified by ``locator``.</doc>
<status status="PASS" start="2024-07-29T15:36:01.309955" elapsed="0.005588"/>
</kw>
<kw name="Set Variable" owner="BuiltIn">
<msg time="2024-07-29T15:36:01.316093" level="INFO">${inputElement} = xpath=//*[contains(@class, 'post-body')]/div[4]/div/label[text()='Friday']/preceding-sibling::input</msg>
<var>${inputElement}</var>
<arg>${daysList}/label[text()='${day}']/preceding-sibling::input</arg>
<doc>Returns the given values which can then be assigned to a variables.</doc>
<status status="PASS" start="2024-07-29T15:36:01.315759" elapsed="0.000427"/>
</kw>
<kw name="Run Keyword If" owner="BuiltIn">
<arg>'${elementText}' == '${day}'</arg>
<arg>Checkbox Should Not Be Selected</arg>
<arg>${inputElement}</arg>
<doc>Runs the given keyword with the given arguments, if ``condition`` is true.</doc>
<status status="PASS" start="2024-07-29T15:36:01.316342" elapsed="0.000224"/>
</kw>
<kw name="Exit For Loop If" owner="BuiltIn">
<arg>'${elementText}' == '${day}'</arg>
<doc>Stops executing the enclosing FOR loop if the ``condition`` is true.</doc>
<status status="PASS" start="2024-07-29T15:36:01.316713" elapsed="0.000237"/>
</kw>
<var name="${element}">&lt;selenium.webdriver.remote.webelement.WebElement (session="13c5d9a2c0ce44b04c5e14edfd78abe3", element="f.86AE3DBB5AAF3EB7C7AADF7A8E254746.d.79D162672EF81917D8A0CAED7538D551.e.58")&gt;</var>
<status status="PASS" start="2024-07-29T15:36:01.309823" elapsed="0.007205"/>
</iter>
<iter>
<kw name="Get Text" owner="SeleniumLibrary">
<msg time="2024-07-29T15:36:01.323333" level="INFO">${elementText} = Thursday</msg>
<var>${elementText}</var>
<arg>${element}</arg>
<doc>Returns the text value of the element identified by ``locator``.</doc>
<status status="PASS" start="2024-07-29T15:36:01.317332" elapsed="0.006182"/>
</kw>
<kw name="Set Variable" owner="BuiltIn">
<msg time="2024-07-29T15:36:01.324067" level="INFO">${inputElement} = xpath=//*[contains(@class, 'post-body')]/div[4]/div/label[text()='Friday']/preceding-sibling::input</msg>
<var>${inputElement}</var>
<arg>${daysList}/label[text()='${day}']/preceding-sibling::input</arg>
<doc>Returns the given values which can then be assigned to a variables.</doc>
<status status="PASS" start="2024-07-29T15:36:01.323741" elapsed="0.000420"/>
</kw>
<kw name="Run Keyword If" owner="BuiltIn">
<arg>'${elementText}' == '${day}'</arg>
<arg>Checkbox Should Not Be Selected</arg>
<arg>${inputElement}</arg>
<doc>Runs the given keyword with the given arguments, if ``condition`` is true.</doc>
<status status="PASS" start="2024-07-29T15:36:01.324323" elapsed="0.000223"/>
</kw>
<kw name="Exit For Loop If" owner="BuiltIn">
<arg>'${elementText}' == '${day}'</arg>
<doc>Stops executing the enclosing FOR loop if the ``condition`` is true.</doc>
<status status="PASS" start="2024-07-29T15:36:01.324683" elapsed="0.000239"/>
</kw>
<var name="${element}">&lt;selenium.webdriver.remote.webelement.WebElement (session="13c5d9a2c0ce44b04c5e14edfd78abe3", element="f.86AE3DBB5AAF3EB7C7AADF7A8E254746.d.79D162672EF81917D8A0CAED7538D551.e.59")&gt;</var>
<status status="PASS" start="2024-07-29T15:36:01.317176" elapsed="0.007833"/>
</iter>
<iter>
<kw name="Get Text" owner="SeleniumLibrary">
<msg time="2024-07-29T15:36:01.331730" level="INFO">${elementText} = Friday</msg>
<var>${elementText}</var>
<arg>${element}</arg>
<doc>Returns the text value of the element identified by ``locator``.</doc>
<status status="PASS" start="2024-07-29T15:36:01.325302" elapsed="0.006697"/>
</kw>
<kw name="Set Variable" owner="BuiltIn">
<msg time="2024-07-29T15:36:01.332806" level="INFO">${inputElement} = xpath=//*[contains(@class, 'post-body')]/div[4]/div/label[text()='Friday']/preceding-sibling::input</msg>
<var>${inputElement}</var>
<arg>${daysList}/label[text()='${day}']/preceding-sibling::input</arg>
<doc>Returns the given values which can then be assigned to a variables.</doc>
<status status="PASS" start="2024-07-29T15:36:01.332330" elapsed="0.000625"/>
</kw>
<kw name="Run Keyword If" owner="BuiltIn">
<kw name="Checkbox Should Not Be Selected" owner="SeleniumLibrary">
<msg time="2024-07-29T15:36:01.334136" level="INFO">Verifying checkbox 'xpath=//*[contains(@class, 'post-body')]/div[4]/div/label[text()='Friday']/preceding-sibling::input' is not selected.</msg>
<arg>${inputElement}</arg>
<doc>Verifies checkbox ``locator`` is not selected/checked.</doc>
<status status="PASS" start="2024-07-29T15:36:01.333800" elapsed="0.016052"/>
</kw>
<arg>'${elementText}' == '${day}'</arg>
<arg>Checkbox Should Not Be Selected</arg>
<arg>${inputElement}</arg>
<doc>Runs the given keyword with the given arguments, if ``condition`` is true.</doc>
<status status="PASS" start="2024-07-29T15:36:01.333188" elapsed="0.016867"/>
</kw>
<kw name="Exit For Loop If" owner="BuiltIn">
<msg time="2024-07-29T15:36:01.350689" level="INFO">Exiting for loop altogether.</msg>
<arg>'${elementText}' == '${day}'</arg>
<doc>Stops executing the enclosing FOR loop if the ``condition`` is true.</doc>
<status status="PASS" start="2024-07-29T15:36:01.350247" elapsed="0.000599"/>
</kw>
<var name="${element}">&lt;selenium.webdriver.remote.webelement.WebElement (session="13c5d9a2c0ce44b04c5e14edfd78abe3", element="f.86AE3DBB5AAF3EB7C7AADF7A8E254746.d.79D162672EF81917D8A0CAED7538D551.e.60")&gt;</var>
<status status="PASS" start="2024-07-29T15:36:01.325155" elapsed="0.025788"/>
</iter>
<var>${element}</var>
<value>@{elements}</value>
<status status="PASS" start="2024-07-29T15:36:01.280954" elapsed="0.070072"/>
</for>
<arg>${fridayText}</arg>
<status status="PASS" start="2024-07-29T15:36:01.274422" elapsed="0.076716"/>
</kw>
<kw name="Validate Day of List is Not Checked" owner="testAutomationPractice">
<kw name="Get WebElements" owner="SeleniumLibrary">
<msg time="2024-07-29T15:36:01.370525" level="INFO">${elements} = [&lt;selenium.webdriver.remote.webelement.WebElement (session="13c5d9a2c0ce44b04c5e14edfd78abe3", element="f.86AE3DBB5AAF3EB7C7AADF7A8E254746.d.79D162672EF81917D8A0CAED7538D551.e.55")&gt;, &lt;selenium.webdriv...</msg>
<var>${elements}</var>
<arg>${daysList}</arg>
<doc>Returns a list of WebElement objects matching the ``locator``.</doc>
<status status="PASS" start="2024-07-29T15:36:01.351833" elapsed="0.018956"/>
</kw>
<for flavor="IN">
<iter>
<kw name="Get Text" owner="SeleniumLibrary">
<msg time="2024-07-29T15:36:01.388451" level="INFO">${elementText} = Sunday</msg>
<var>${elementText}</var>
<arg>${element}</arg>
<doc>Returns the text value of the element identified by ``locator``.</doc>
<status status="PASS" start="2024-07-29T15:36:01.371603" elapsed="0.017129"/>
</kw>
<kw name="Set Variable" owner="BuiltIn">
<msg time="2024-07-29T15:36:01.389627" level="INFO">${inputElement} = xpath=//*[contains(@class, 'post-body')]/div[4]/div/label[text()='Saturday']/preceding-sibling::input</msg>
<var>${inputElement}</var>
<arg>${daysList}/label[text()='${day}']/preceding-sibling::input</arg>
<doc>Returns the given values which can then be assigned to a variables.</doc>
<status status="PASS" start="2024-07-29T15:36:01.389084" elapsed="0.000715"/>
</kw>
<kw name="Run Keyword If" owner="BuiltIn">
<arg>'${elementText}' == '${day}'</arg>
<arg>Checkbox Should Not Be Selected</arg>
<arg>${inputElement}</arg>
<doc>Runs the given keyword with the given arguments, if ``condition`` is true.</doc>
<status status="PASS" start="2024-07-29T15:36:01.390055" elapsed="0.000355"/>
</kw>
<kw name="Exit For Loop If" owner="BuiltIn">
<arg>'${elementText}' == '${day}'</arg>
<doc>Stops executing the enclosing FOR loop if the ``condition`` is true.</doc>
<status status="PASS" start="2024-07-29T15:36:01.390633" elapsed="0.000367"/>
</kw>
<var name="${element}">&lt;selenium.webdriver.remote.webelement.WebElement (session="13c5d9a2c0ce44b04c5e14edfd78abe3", element="f.86AE3DBB5AAF3EB7C7AADF7A8E254746.d.79D162672EF81917D8A0CAED7538D551.e.55")&gt;</var>
<status status="PASS" start="2024-07-29T15:36:01.371343" elapsed="0.019778"/>
</iter>
<iter>
<kw name="Get Text" owner="SeleniumLibrary">
<msg time="2024-07-29T15:36:01.399614" level="INFO">${elementText} = Monday</msg>
<var>${elementText}</var>
<arg>${element}</arg>
<doc>Returns the text value of the element identified by ``locator``.</doc>
<status status="PASS" start="2024-07-29T15:36:01.391546" elapsed="0.008254"/>
</kw>
<kw name="Set Variable" owner="BuiltIn">
<msg time="2024-07-29T15:36:01.400386" level="INFO">${inputElement} = xpath=//*[contains(@class, 'post-body')]/div[4]/div/label[text()='Saturday']/preceding-sibling::input</msg>
<var>${inputElement}</var>
<arg>${daysList}/label[text()='${day}']/preceding-sibling::input</arg>
<doc>Returns the given values which can then be assigned to a variables.</doc>
<status status="PASS" start="2024-07-29T15:36:01.400042" elapsed="0.000445"/>
</kw>
<kw name="Run Keyword If" owner="BuiltIn">
<arg>'${elementText}' == '${day}'</arg>
<arg>Checkbox Should Not Be Selected</arg>
<arg>${inputElement}</arg>
<doc>Runs the given keyword with the given arguments, if ``condition`` is true.</doc>
<status status="PASS" start="2024-07-29T15:36:01.400657" elapsed="0.000227"/>
</kw>
<kw name="Exit For Loop If" owner="BuiltIn">
<arg>'${elementText}' == '${day}'</arg>
<doc>Stops executing the enclosing FOR loop if the ``condition`` is true.</doc>
<status status="PASS" start="2024-07-29T15:36:01.401026" elapsed="0.000252"/>
</kw>
<var name="${element}">&lt;selenium.webdriver.remote.webelement.WebElement (session="13c5d9a2c0ce44b04c5e14edfd78abe3", element="f.86AE3DBB5AAF3EB7C7AADF7A8E254746.d.79D162672EF81917D8A0CAED7538D551.e.56")&gt;</var>
<status status="PASS" start="2024-07-29T15:36:01.391346" elapsed="0.010014"/>
</iter>
<iter>
<kw name="Get Text" owner="SeleniumLibrary">
<msg time="2024-07-29T15:36:01.409246" level="INFO">${elementText} = Tuesday</msg>
<var>${elementText}</var>
<arg>${element}</arg>
<doc>Returns the text value of the element identified by ``locator``.</doc>
<status status="PASS" start="2024-07-29T15:36:01.401643" elapsed="0.007880"/>
</kw>
<kw name="Set Variable" owner="BuiltIn">
<msg time="2024-07-29T15:36:01.410414" level="INFO">${inputElement} = xpath=//*[contains(@class, 'post-body')]/div[4]/div/label[text()='Saturday']/preceding-sibling::input</msg>
<var>${inputElement}</var>
<arg>${daysList}/label[text()='${day}']/preceding-sibling::input</arg>
<doc>Returns the given values which can then be assigned to a variables.</doc>
<status status="PASS" start="2024-07-29T15:36:01.409872" elapsed="0.000709"/>
</kw>
<kw name="Run Keyword If" owner="BuiltIn">
<arg>'${elementText}' == '${day}'</arg>
<arg>Checkbox Should Not Be Selected</arg>
<arg>${inputElement}</arg>
<doc>Runs the given keyword with the given arguments, if ``condition`` is true.</doc>
<status status="PASS" start="2024-07-29T15:36:01.410873" elapsed="0.000400"/>
</kw>
<kw name="Exit For Loop If" owner="BuiltIn">
<arg>'${elementText}' == '${day}'</arg>
<doc>Stops executing the enclosing FOR loop if the ``condition`` is true.</doc>
<status status="PASS" start="2024-07-29T15:36:01.411526" elapsed="0.000416"/>
</kw>
<var name="${element}">&lt;selenium.webdriver.remote.webelement.WebElement (session="13c5d9a2c0ce44b04c5e14edfd78abe3", element="f.86AE3DBB5AAF3EB7C7AADF7A8E254746.d.79D162672EF81917D8A0CAED7538D551.e.57")&gt;</var>
<status status="PASS" start="2024-07-29T15:36:01.401505" elapsed="0.010565"/>
</iter>
<iter>
<kw name="Get Text" owner="SeleniumLibrary">
<msg time="2024-07-29T15:36:01.419659" level="INFO">${elementText} = Wednesday</msg>
<var>${elementText}</var>
<arg>${element}</arg>
<doc>Returns the text value of the element identified by ``locator``.</doc>
<status status="PASS" start="2024-07-29T15:36:01.412507" elapsed="0.007343"/>
</kw>
<kw name="Set Variable" owner="BuiltIn">
<msg time="2024-07-29T15:36:01.420393" level="INFO">${inputElement} = xpath=//*[contains(@class, 'post-body')]/div[4]/div/label[text()='Saturday']/preceding-sibling::input</msg>
<var>${inputElement}</var>
<arg>${daysList}/label[text()='${day}']/preceding-sibling::input</arg>
<doc>Returns the given values which can then be assigned to a variables.</doc>
<status status="PASS" start="2024-07-29T15:36:01.420077" elapsed="0.000407"/>
</kw>
<kw name="Run Keyword If" owner="BuiltIn">
<arg>'${elementText}' == '${day}'</arg>
<arg>Checkbox Should Not Be Selected</arg>
<arg>${inputElement}</arg>
<doc>Runs the given keyword with the given arguments, if ``condition`` is true.</doc>
<status status="PASS" start="2024-07-29T15:36:01.420638" elapsed="0.000222"/>
</kw>
<kw name="Exit For Loop If" owner="BuiltIn">
<arg>'${elementText}' == '${day}'</arg>
<doc>Stops executing the enclosing FOR loop if the ``condition`` is true.</doc>
<status status="PASS" start="2024-07-29T15:36:01.421001" elapsed="0.000249"/>
</kw>
<var name="${element}">&lt;selenium.webdriver.remote.webelement.WebElement (session="13c5d9a2c0ce44b04c5e14edfd78abe3", element="f.86AE3DBB5AAF3EB7C7AADF7A8E254746.d.79D162672EF81917D8A0CAED7538D551.e.58")&gt;</var>
<status status="PASS" start="2024-07-29T15:36:01.412299" elapsed="0.009032"/>
</iter>
<iter>
<kw name="Get Text" owner="SeleniumLibrary">
<msg time="2024-07-29T15:36:01.428324" level="INFO">${elementText} = Thursday</msg>
<var>${elementText}</var>
<arg>${element}</arg>
<doc>Returns the text value of the element identified by ``locator``.</doc>
<status status="PASS" start="2024-07-29T15:36:01.421741" elapsed="0.006748"/>
</kw>
<kw name="Set Variable" owner="BuiltIn">
<msg time="2024-07-29T15:36:01.429009" level="INFO">${inputElement} = xpath=//*[contains(@class, 'post-body')]/div[4]/div/label[text()='Saturday']/preceding-sibling::input</msg>
<var>${inputElement}</var>
<arg>${daysList}/label[text()='${day}']/preceding-sibling::input</arg>
<doc>Returns the given values which can then be assigned to a variables.</doc>
<status status="PASS" start="2024-07-29T15:36:01.428703" elapsed="0.000393"/>
</kw>
<kw name="Run Keyword If" owner="BuiltIn">
<arg>'${elementText}' == '${day}'</arg>
<arg>Checkbox Should Not Be Selected</arg>
<arg>${inputElement}</arg>
<doc>Runs the given keyword with the given arguments, if ``condition`` is true.</doc>
<status status="PASS" start="2024-07-29T15:36:01.429257" elapsed="0.000214"/>
</kw>
<kw name="Exit For Loop If" owner="BuiltIn">
<arg>'${elementText}' == '${day}'</arg>
<doc>Stops executing the enclosing FOR loop if the ``condition`` is true.</doc>
<status status="PASS" start="2024-07-29T15:36:01.429609" elapsed="0.000230"/>
</kw>
<var name="${element}">&lt;selenium.webdriver.remote.webelement.WebElement (session="13c5d9a2c0ce44b04c5e14edfd78abe3", element="f.86AE3DBB5AAF3EB7C7AADF7A8E254746.d.79D162672EF81917D8A0CAED7538D551.e.59")&gt;</var>
<status status="PASS" start="2024-07-29T15:36:01.421571" elapsed="0.008345"/>
</iter>
<iter>
<kw name="Get Text" owner="SeleniumLibrary">
<msg time="2024-07-29T15:36:01.435888" level="INFO">${elementText} = Friday</msg>
<var>${elementText}</var>
<arg>${element}</arg>
<doc>Returns the text value of the element identified by ``locator``.</doc>
<status status="PASS" start="2024-07-29T15:36:01.430191" elapsed="0.005863"/>
</kw>
<kw name="Set Variable" owner="BuiltIn">
<msg time="2024-07-29T15:36:01.436587" level="INFO">${inputElement} = xpath=//*[contains(@class, 'post-body')]/div[4]/div/label[text()='Saturday']/preceding-sibling::input</msg>
<var>${inputElement}</var>
<arg>${daysList}/label[text()='${day}']/preceding-sibling::input</arg>
<doc>Returns the given values which can then be assigned to a variables.</doc>
<status status="PASS" start="2024-07-29T15:36:01.436269" elapsed="0.000409"/>
</kw>
<kw name="Run Keyword If" owner="BuiltIn">
<arg>'${elementText}' == '${day}'</arg>
<arg>Checkbox Should Not Be Selected</arg>
<arg>${inputElement}</arg>
<doc>Runs the given keyword with the given arguments, if ``condition`` is true.</doc>
<status status="PASS" start="2024-07-29T15:36:01.436831" elapsed="0.000208"/>
</kw>
<kw name="Exit For Loop If" owner="BuiltIn">
<arg>'${elementText}' == '${day}'</arg>
<doc>Stops executing the enclosing FOR loop if the ``condition`` is true.</doc>
<status status="PASS" start="2024-07-29T15:36:01.437174" elapsed="0.000246"/>
</kw>
<var name="${element}">&lt;selenium.webdriver.remote.webelement.WebElement (session="13c5d9a2c0ce44b04c5e14edfd78abe3", element="f.86AE3DBB5AAF3EB7C7AADF7A8E254746.d.79D162672EF81917D8A0CAED7538D551.e.60")&gt;</var>
<status status="PASS" start="2024-07-29T15:36:01.430065" elapsed="0.007433"/>
</iter>
<iter>
<kw name="Get Text" owner="SeleniumLibrary">
<msg time="2024-07-29T15:36:01.444338" level="INFO">${elementText} = Saturday</msg>
<var>${elementText}</var>
<arg>${element}</arg>
<doc>Returns the text value of the element identified by ``locator``.</doc>
<status status="PASS" start="2024-07-29T15:36:01.437774" elapsed="0.006746"/>
</kw>
<kw name="Set Variable" owner="BuiltIn">
<msg time="2024-07-29T15:36:01.445066" level="INFO">${inputElement} = xpath=//*[contains(@class, 'post-body')]/div[4]/div/label[text()='Saturday']/preceding-sibling::input</msg>
<var>${inputElement}</var>
<arg>${daysList}/label[text()='${day}']/preceding-sibling::input</arg>
<doc>Returns the given values which can then be assigned to a variables.</doc>
<status status="PASS" start="2024-07-29T15:36:01.444739" elapsed="0.000421"/>
</kw>
<kw name="Run Keyword If" owner="BuiltIn">
<kw name="Checkbox Should Not Be Selected" owner="SeleniumLibrary">
<msg time="2024-07-29T15:36:01.445821" level="INFO">Verifying checkbox 'xpath=//*[contains(@class, 'post-body')]/div[4]/div/label[text()='Saturday']/preceding-sibling::input' is not selected.</msg>
<arg>${inputElement}</arg>
<doc>Verifies checkbox ``locator`` is not selected/checked.</doc>
<status status="PASS" start="2024-07-29T15:36:01.445610" elapsed="0.016546"/>
</kw>
<arg>'${elementText}' == '${day}'</arg>
<arg>Checkbox Should Not Be Selected</arg>
<arg>${inputElement}</arg>
<doc>Runs the given keyword with the given arguments, if ``condition`` is true.</doc>
<status status="PASS" start="2024-07-29T15:36:01.445331" elapsed="0.017032"/>
</kw>
<kw name="Exit For Loop If" owner="BuiltIn">
<msg time="2024-07-29T15:36:01.462909" level="INFO">Exiting for loop altogether.</msg>
<arg>'${elementText}' == '${day}'</arg>
<doc>Stops executing the enclosing FOR loop if the ``condition`` is true.</doc>
<status status="PASS" start="2024-07-29T15:36:01.462557" elapsed="0.000509"/>
</kw>
<var name="${element}">&lt;selenium.webdriver.remote.webelement.WebElement (session="13c5d9a2c0ce44b04c5e14edfd78abe3", element="f.86AE3DBB5AAF3EB7C7AADF7A8E254746.d.79D162672EF81917D8A0CAED7538D551.e.61")&gt;</var>
<status status="PASS" start="2024-07-29T15:36:01.437646" elapsed="0.025513"/>
</iter>
<var>${element}</var>
<value>@{elements}</value>
<status status="PASS" start="2024-07-29T15:36:01.370999" elapsed="0.092244"/>
</for>
<arg>${saturdayext}</arg>
<status status="PASS" start="2024-07-29T15:36:01.351483" elapsed="0.111870"/>
</kw>
<kw name="Select Country" owner="testAutomationPractice">
<kw name="Select From List By Label" owner="SeleniumLibrary">
<msg time="2024-07-29T15:36:01.464240" level="INFO">Selecting options from selection list 'id:country' by label Brazil.</msg>
<arg>${countryDropdown}</arg>
<arg>${userCountry}</arg>
<doc>Selects options from selection list ``locator`` by ``labels``.</doc>
<status status="PASS" start="2024-07-29T15:36:01.463971" elapsed="0.043942"/>
</kw>
<arg>${userCountry}</arg>
<status status="PASS" start="2024-07-29T15:36:01.463624" elapsed="0.044576"/>
</kw>
<kw name="Select Color" owner="testAutomationPractice">
<kw name="Select From List By Label" owner="SeleniumLibrary">
<msg time="2024-07-29T15:36:01.509509" level="INFO">Selecting options from selection list 'id:colors' by label Green.</msg>
<arg>${colorsList}</arg>
<arg>${color}</arg>
<doc>Selects options from selection list ``locator`` by ``labels``.</doc>
<status status="PASS" start="2024-07-29T15:36:01.509137" elapsed="0.051089"/>
</kw>
<arg>${color}</arg>
<status status="PASS" start="2024-07-29T15:36:01.508655" elapsed="0.051795"/>
</kw>
<kw name="Select Date on Form" owner="testAutomationPractice">
<kw name="Select Date" owner="datepicker">
<kw name="Split String" owner="String">
<msg time="2024-07-29T15:36:01.562332" level="INFO">${convertedDate} = ['12', '25', '2022']</msg>
<var>${convertedDate}</var>
<arg>${date}</arg>
<arg>/</arg>
<doc>Splits the ``string`` using ``separator`` as a delimiter string.</doc>
<status status="PASS" start="2024-07-29T15:36:01.562063" elapsed="0.000502"/>
</kw>
<kw name="Set Variable" owner="BuiltIn">
<msg time="2024-07-29T15:36:01.563073" level="INFO">${month} = 12</msg>
<var>${month}</var>
<arg>${convertedDate}[0]</arg>
<doc>Returns the given values which can then be assigned to a variables.</doc>
<status status="PASS" start="2024-07-29T15:36:01.562740" elapsed="0.000484"/>
</kw>
<kw name="Set Variable" owner="BuiltIn">
<msg time="2024-07-29T15:36:01.563794" level="INFO">${day} = 25</msg>
<var>${day}</var>
<arg>${convertedDate}[1]</arg>
<doc>Returns the given values which can then be assigned to a variables.</doc>
<status status="PASS" start="2024-07-29T15:36:01.563451" elapsed="0.000475"/>
</kw>
<kw name="Set Variable" owner="BuiltIn">
<msg time="2024-07-29T15:36:01.564779" level="INFO">${year} = 2022</msg>
<var>${year}</var>
<arg>${convertedDate}[2]</arg>
<doc>Returns the given values which can then be assigned to a variables.</doc>
<status status="PASS" start="2024-07-29T15:36:01.564368" elapsed="0.000544"/>
</kw>
<kw name="Open Datepicker" owner="datepicker">
<kw name="Click Element" owner="SeleniumLibrary">
<msg time="2024-07-29T15:36:01.565711" level="INFO">Clicking element 'id:datepicker'.</msg>
<arg>${dateFieldLocator}</arg>
<doc>Click the element identified by ``locator``.</doc>
<status status="PASS" start="2024-07-29T15:36:01.565481" elapsed="0.075048"/>
</kw>
<arg>${dateFieldLocator}</arg>
<status status="PASS" start="2024-07-29T15:36:01.565120" elapsed="0.075647"/>
</kw>
<kw name="Navigate To Month Year" owner="datepicker">
<kw name="Set Variable" owner="BuiltIn">
<msg time="2024-07-29T15:36:01.641922" level="INFO">${targetMonth} = December</msg>
<var>${targetMonth}</var>
<arg>${monthsMap}[${month}]</arg>
<doc>Returns the given values which can then be assigned to a variables.</doc>
<status status="PASS" start="2024-07-29T15:36:01.641529" elapsed="0.000583"/>
</kw>
<kw name="Set Variable" owner="BuiltIn">
<msg time="2024-07-29T15:36:01.642695" level="INFO">${targetYear} = 2022</msg>
<var>${targetYear}</var>
<arg>${year}</arg>
<doc>Returns the given values which can then be assigned to a variables.</doc>
<status status="PASS" start="2024-07-29T15:36:01.642380" elapsed="0.000449"/>
</kw>
<kw name="Evaluate" owner="BuiltIn">
<msg time="2024-07-29T15:36:01.643565" level="INFO">${targetMonthIndex} = 12</msg>
<var>${targetMonthIndex}</var>
<arg>list(${monthsMap}.values()).index('${targetMonth}') + 1</arg>
<doc>Evaluates the given expression in Python and returns the result.</doc>
<status status="PASS" start="2024-07-29T15:36:01.643023" elapsed="0.000660"/>
</kw>
<for flavor="IN RANGE">
<iter>
<kw name="Get Text" owner="SeleniumLibrary">
<msg time="2024-07-29T15:36:01.662294" level="INFO">${currentMonth} = July</msg>
<var>${currentMonth}</var>
<arg>${datePickerMonthText}</arg>
<doc>Returns the text value of the element identified by ``locator``.</doc>
<status status="PASS" start="2024-07-29T15:36:01.644139" elapsed="0.018351"/>
</kw>
<kw name="Get Text" owner="SeleniumLibrary">
<msg time="2024-07-29T15:36:01.673891" level="INFO">${currentYear} = 2024</msg>
<var>${currentYear}</var>
<arg>${datePickerYearText}</arg>
<doc>Returns the text value of the element identified by ``locator``.</doc>
<status status="PASS" start="2024-07-29T15:36:01.662714" elapsed="0.011363"/>
</kw>
<kw name="Evaluate" owner="BuiltIn">
<msg time="2024-07-29T15:36:01.674731" level="INFO">${currentMonthIndex} = 7</msg>
<var>${currentMonthIndex}</var>
<arg>list(${monthsMap}.values()).index('${currentMonth}') + 1</arg>
<doc>Evaluates the given expression in Python and returns the result.</doc>
<status status="PASS" start="2024-07-29T15:36:01.674298" elapsed="0.000555"/>
</kw>
<kw name="Run Keyword If" owner="BuiltIn">
<arg>('${currentMonth}' == '${targetMonth}') and ('${currentYear}' == '${targetYear}')</arg>
<arg>Exit For Loop</arg>
<doc>Runs the given keyword with the given arguments, if ``condition`` is true.</doc>
<status status="PASS" start="2024-07-29T15:36:01.675059" elapsed="0.000310"/>
</kw>
<kw name="Run Keyword If" owner="BuiltIn">
<kw name="Click Previous Month Button" owner="datepicker">
<kw name="Click Element" owner="SeleniumLibrary">
<msg time="2024-07-29T15:36:01.676579" level="INFO">Clicking element 'class=ui-datepicker-prev'.</msg>
<arg>${previousMonthButton}</arg>
<doc>Click the element identified by ``locator``.</doc>
<status status="PASS" start="2024-07-29T15:36:01.676337" elapsed="0.030997"/>
</kw>
<status status="PASS" start="2024-07-29T15:36:01.675997" elapsed="0.031556"/>
</kw>
<arg>int(${currentYear}) &gt; int(${targetYear}) or (int(${currentYear}) == int(${targetYear}) and int(${currentMonthIndex}) &gt; int(${targetMonthIndex}))</arg>
<arg>Click Previous Month Button</arg>
<arg>ELSE</arg>
<arg>Click Next Month Button</arg>
<doc>Runs the given keyword with the given arguments, if ``condition`` is true.</doc>
<status status="PASS" start="2024-07-29T15:36:01.675534" elapsed="0.032128"/>
</kw>
<var name="${i}">0</var>
<status status="PASS" start="2024-07-29T15:36:01.643987" elapsed="0.063762"/>
</iter>
<iter>
<kw name="Get Text" owner="SeleniumLibrary">
<msg time="2024-07-29T15:36:01.718275" level="INFO">${currentMonth} = June</msg>
<var>${currentMonth}</var>
<arg>${datePickerMonthText}</arg>
<doc>Returns the text value of the element identified by ``locator``.</doc>
<status status="PASS" start="2024-07-29T15:36:01.708189" elapsed="0.010263"/>
</kw>
<kw name="Get Text" owner="SeleniumLibrary">
<msg time="2024-07-29T15:36:01.728248" level="INFO">${currentYear} = 2024</msg>
<var>${currentYear}</var>
<arg>${datePickerYearText}</arg>
<doc>Returns the text value of the element identified by ``locator``.</doc>
<status status="PASS" start="2024-07-29T15:36:01.718667" elapsed="0.009770"/>
</kw>
<kw name="Evaluate" owner="BuiltIn">
<msg time="2024-07-29T15:36:01.729067" level="INFO">${currentMonthIndex} = 6</msg>
<var>${currentMonthIndex}</var>
<arg>list(${monthsMap}.values()).index('${currentMonth}') + 1</arg>
<doc>Evaluates the given expression in Python and returns the result.</doc>
<status status="PASS" start="2024-07-29T15:36:01.728661" elapsed="0.000524"/>
</kw>
<kw name="Run Keyword If" owner="BuiltIn">
<arg>('${currentMonth}' == '${targetMonth}') and ('${currentYear}' == '${targetYear}')</arg>
<arg>Exit For Loop</arg>
<doc>Runs the given keyword with the given arguments, if ``condition`` is true.</doc>
<status status="PASS" start="2024-07-29T15:36:01.729399" elapsed="0.000258"/>
</kw>
<kw name="Run Keyword If" owner="BuiltIn">
<kw name="Click Previous Month Button" owner="datepicker">
<kw name="Click Element" owner="SeleniumLibrary">
<msg time="2024-07-29T15:36:01.730650" level="INFO">Clicking element 'class=ui-datepicker-prev'.</msg>
<arg>${previousMonthButton}</arg>
<doc>Click the element identified by ``locator``.</doc>
<status status="PASS" start="2024-07-29T15:36:01.730440" elapsed="0.024336"/>
</kw>
<status status="PASS" start="2024-07-29T15:36:01.730186" elapsed="0.024817"/>
</kw>
[...]
</kw>
<kw name="Run Keyword If" owner="BuiltIn">
<arg>('${currentMonth}' == '${targetMonth}') and ('${currentYear}' == '${targetYear}')</arg>
<arg>Exit For Loop</arg>
<doc>Runs the given keyword with the given arguments, if ``condition`` is true.</doc>
<status status="PASS" start="2024-07-29T15:36:02.352696" elapsed="0.000263"/>
</kw>
<kw name="Run Keyword If" owner="BuiltIn">
<kw name="Click Previous Month Button" owner="datepicker">
<kw name="Click Element" owner="SeleniumLibrary">
<msg time="2024-07-29T15:36:02.354013" level="INFO">Clicking element 'class=ui-datepicker-prev'.</msg>
<arg>${previousMonthButton}</arg>
<doc>Click the element identified by ``locator``.</doc>
<status status="PASS" start="2024-07-29T15:36:02.353784" elapsed="0.054153"/>
</kw>
<status status="PASS" start="2024-07-29T15:36:02.353504" elapsed="0.054820"/>
</kw>
<arg>int(${currentYear}) &gt; int(${targetYear}) or (int(${currentYear}) == int(${targetYear}) and int(${currentMonthIndex}) &gt; int(${targetMonthIndex}))</arg>
<arg>Click Previous Month Button</arg>
<arg>ELSE</arg>
<arg>Click Next Month Button</arg>
<doc>Runs the given keyword with the given arguments, if ``condition`` is true.</doc>
<status status="PASS" start="2024-07-29T15:36:02.353104" elapsed="0.055436"/>
</kw>
<var name="${i}">13</var>
<status status="PASS" start="2024-07-29T15:36:02.331782" elapsed="0.076880"/>
</iter>
<iter>
<kw name="Get Text" owner="SeleniumLibrary">
<msg time="2024-07-29T15:36:02.422116" level="INFO">${currentMonth} = May</msg>
<var>${currentMonth}</var>
<arg>${datePickerMonthText}</arg>
<doc>Returns the text value of the element identified by ``locator``.</doc>
<status status="PASS" start="2024-07-29T15:36:02.409285" elapsed="0.013005"/>
</kw>
<kw name="Get Text" owner="SeleniumLibrary">
<msg time="2024-07-29T15:36:02.431209" level="INFO">${currentYear} = 2023</msg>
<var>${currentYear}</var>
<arg>${datePickerYearText}</arg>
<doc>Returns the text value of the element identified by ``locator``.</doc>
<status status="PASS" start="2024-07-29T15:36:02.422549" elapsed="0.008830"/>
</kw>
<kw name="Evaluate" owner="BuiltIn">
<msg time="2024-07-29T15:36:02.432003" level="INFO">${currentMonthIndex} = 5</msg>
<var>${currentMonthIndex}</var>
<arg>list(${monthsMap}.values()).index('${currentMonth}') + 1</arg>
<doc>Evaluates the given expression in Python and returns the result.</doc>
<status status="PASS" start="2024-07-29T15:36:02.431602" elapsed="0.000508"/>
</kw>
<kw name="Run Keyword If" owner="BuiltIn">
<arg>('${currentMonth}' == '${targetMonth}') and ('${currentYear}' == '${targetYear}')</arg>
<arg>Exit For Loop</arg>
<doc>Runs the given keyword with the given arguments, if ``condition`` is true.</doc>
<status status="PASS" start="2024-07-29T15:36:02.432282" elapsed="0.000254"/>
</kw>
<kw name="Run Keyword If" owner="BuiltIn">
<kw name="Click Previous Month Button" owner="datepicker">
<kw name="Click Element" owner="SeleniumLibrary">
<msg time="2024-07-29T15:36:02.433547" level="INFO">Clicking element 'class=ui-datepicker-prev'.</msg>
<arg>${previousMonthButton}</arg>
<doc>Click the element identified by ``locator``.</doc>
<status status="PASS" start="2024-07-29T15:36:02.433330" elapsed="0.021508"/>
</kw>
<status status="PASS" start="2024-07-29T15:36:02.433065" elapsed="0.021988"/>
</kw>
<arg>int(${currentYear}) &gt; int(${targetYear}) or (int(${currentYear}) == int(${targetYear}) and int(${currentMonthIndex}) &gt; int(${targetMonthIndex}))</arg>
<arg>Click Previous Month Button</arg>
<arg>ELSE</arg>
<arg>Click Next Month Button</arg>
<doc>Runs the given keyword with the given arguments, if ``condition`` is true.</doc>
<status status="PASS" start="2024-07-29T15:36:02.432688" elapsed="0.022459"/>
</kw>
<var name="${i}">14</var>
<status status="PASS" start="2024-07-29T15:36:02.408951" elapsed="0.046273"/>
</iter>
<iter>
<kw name="Get Text" owner="SeleniumLibrary">
<msg time="2024-07-29T15:36:02.466171" level="INFO">${currentMonth} = April</msg>
<var>${currentMonth}</var>
<arg>${datePickerMonthText}</arg>
<doc>Returns the text value of the element identified by ``locator``.</doc>
<status status="PASS" start="2024-07-29T15:36:02.455597" elapsed="0.010746"/>
</kw>
<kw name="Get Text" owner="SeleniumLibrary">
<msg time="2024-07-29T15:36:02.474722" level="INFO">${currentYear} = 2023</msg>
<var>${currentYear}</var>
<arg>${datePickerYearText}</arg>
<doc>Returns the text value of the element identified by ``locator``.</doc>
<status status="PASS" start="2024-07-29T15:36:02.466561" elapsed="0.008328"/>
</kw>
<kw name="Evaluate" owner="BuiltIn">
<msg time="2024-07-29T15:36:02.475505" level="INFO">${currentMonthIndex} = 4</msg>
<var>${currentMonthIndex}</var>
<arg>list(${monthsMap}.values()).index('${currentMonth}') + 1</arg>
<doc>Evaluates the given expression in Python and returns the result.</doc>
<status status="PASS" start="2024-07-29T15:36:02.475105" elapsed="0.000513"/>
</kw>
<kw name="Run Keyword If" owner="BuiltIn">
<arg>('${currentMonth}' == '${targetMonth}') and ('${currentYear}' == '${targetYear}')</arg>
<arg>Exit For Loop</arg>
<doc>Runs the given keyword with the given arguments, if ``condition`` is true.</doc>
<status status="PASS" start="2024-07-29T15:36:02.475791" elapsed="0.000251"/>
</kw>
<kw name="Run Keyword If" owner="BuiltIn">
<kw name="Click Previous Month Button" owner="datepicker">
<kw name="Click Element" owner="SeleniumLibrary">
<msg time="2024-07-29T15:36:02.477010" level="INFO">Clicking element 'class=ui-datepicker-prev'.</msg>
<arg>${previousMonthButton}</arg>
<doc>Click the element identified by ``locator``.</doc>
<status status="PASS" start="2024-07-29T15:36:02.476804" elapsed="0.021011"/>
</kw>
<status status="PASS" start="2024-07-29T15:36:02.476555" elapsed="0.021474"/>
</kw>
<arg>int(${currentYear}) &gt; int(${targetYear}) or (int(${currentYear}) == int(${targetYear}) and int(${currentMonthIndex}) &gt; int(${targetMonthIndex}))</arg>
<arg>Click Previous Month Button</arg>
<arg>ELSE</arg>
<arg>Click Next Month Button</arg>
<doc>Runs the given keyword with the given arguments, if ``condition`` is true.</doc>
<status status="PASS" start="2024-07-29T15:36:02.476183" elapsed="0.022023"/>
</kw>
<var name="${i}">15</var>
<status status="PASS" start="2024-07-29T15:36:02.455401" elapsed="0.042937"/>
</iter>
<iter>
<kw name="Get Text" owner="SeleniumLibrary">
<msg time="2024-07-29T15:36:02.509628" level="INFO">${currentMonth} = March</msg>
<var>${currentMonth}</var>
<arg>${datePickerMonthText}</arg>
<doc>Returns the text value of the element identified by ``locator``.</doc>
<status status="PASS" start="2024-07-29T15:36:02.498756" elapsed="0.011046"/>
</kw>
<kw name="Get Text" owner="SeleniumLibrary">
<msg time="2024-07-29T15:36:02.518036" level="INFO">${currentYear} = 2023</msg>
<var>${currentYear}</var>
<arg>${datePickerYearText}</arg>
<doc>Returns the text value of the element identified by ``locator``.</doc>
<status status="PASS" start="2024-07-29T15:36:02.510020" elapsed="0.008188"/>
</kw>
<kw name="Evaluate" owner="BuiltIn">
<msg time="2024-07-29T15:36:02.518901" level="INFO">${currentMonthIndex} = 3</msg>
<var>${currentMonthIndex}</var>
<arg>list(${monthsMap}.values()).index('${currentMonth}') + 1</arg>
<doc>Evaluates the given expression in Python and returns the result.</doc>
<status status="PASS" start="2024-07-29T15:36:02.518435" elapsed="0.000605"/>
</kw>
<kw name="Run Keyword If" owner="BuiltIn">
<arg>('${currentMonth}' == '${targetMonth}') and ('${currentYear}' == '${targetYear}')</arg>
<arg>Exit For Loop</arg>
<doc>Runs the given keyword with the given arguments, if ``condition`` is true.</doc>
<status status="PASS" start="2024-07-29T15:36:02.519225" elapsed="0.000297"/>
</kw>
<kw name="Run Keyword If" owner="BuiltIn">
<kw name="Click Previous Month Button" owner="datepicker">
<kw name="Click Element" owner="SeleniumLibrary">
<msg time="2024-07-29T15:36:02.520867" level="INFO">Clicking element 'class=ui-datepicker-prev'.</msg>
<arg>${previousMonthButton}</arg>
<doc>Click the element identified by ``locator``.</doc>
<status status="PASS" start="2024-07-29T15:36:02.520534" elapsed="0.023726"/>
</kw>
<status status="PASS" start="2024-07-29T15:36:02.520254" elapsed="0.024223"/>
</kw>
<arg>int(${currentYear}) &gt; int(${targetYear}) or (int(${currentYear}) == int(${targetYear}) and int(${currentMonthIndex}) &gt; int(${targetMonthIndex}))</arg>
<arg>Click Previous Month Button</arg>
<arg>ELSE</arg>
<arg>Click Next Month Button</arg>
<doc>Runs the given keyword with the given arguments, if ``condition`` is true.</doc>
<status status="PASS" start="2024-07-29T15:36:02.519763" elapsed="0.024806"/>
</kw>
<var name="${i}">16</var>
<status status="PASS" start="2024-07-29T15:36:02.498531" elapsed="0.046115"/>
</iter>
<iter>
<kw name="Get Text" owner="SeleniumLibrary">
<msg time="2024-07-29T15:36:02.554808" level="INFO">${currentMonth} = February</msg>
<var>${currentMonth}</var>
<arg>${datePickerMonthText}</arg>
<doc>Returns the text value of the element identified by ``locator``.</doc>
<status status="PASS" start="2024-07-29T15:36:02.545025" elapsed="0.010052"/>
</kw>
<kw name="Get Text" owner="SeleniumLibrary">
<msg time="2024-07-29T15:36:02.563899" level="INFO">${currentYear} = 2023</msg>
<var>${currentYear}</var>
<arg>${datePickerYearText}</arg>
<doc>Returns the text value of the element identified by ``locator``.</doc>
<status status="PASS" start="2024-07-29T15:36:02.555387" elapsed="0.008680"/>
</kw>
<kw name="Evaluate" owner="BuiltIn">
<msg time="2024-07-29T15:36:02.564671" level="INFO">${currentMonthIndex} = 2</msg>
<var>${currentMonthIndex}</var>
<arg>list(${monthsMap}.values()).index('${currentMonth}') + 1</arg>
<doc>Evaluates the given expression in Python and returns the result.</doc>
<status status="PASS" start="2024-07-29T15:36:02.564284" elapsed="0.000490"/>
</kw>
<kw name="Run Keyword If" owner="BuiltIn">
<arg>('${currentMonth}' == '${targetMonth}') and ('${currentYear}' == '${targetYear}')</arg>
<arg>Exit For Loop</arg>
<doc>Runs the given keyword with the given arguments, if ``condition`` is true.</doc>
<status status="PASS" start="2024-07-29T15:36:02.564940" elapsed="0.000249"/>
</kw>
<kw name="Run Keyword If" owner="BuiltIn">
<kw name="Click Previous Month Button" owner="datepicker">
<kw name="Click Element" owner="SeleniumLibrary">
<msg time="2024-07-29T15:36:02.566198" level="INFO">Clicking element 'class=ui-datepicker-prev'.</msg>
<arg>${previousMonthButton}</arg>
<doc>Click the element identified by ``locator``.</doc>
<status status="PASS" start="2024-07-29T15:36:02.565986" elapsed="0.025536"/>
</kw>
<status status="PASS" start="2024-07-29T15:36:02.565730" elapsed="0.026030"/>
</kw>
<arg>int(${currentYear}) &gt; int(${targetYear}) or (int(${currentYear}) == int(${targetYear}) and int(${currentMonthIndex}) &gt; int(${targetMonthIndex}))</arg>
<arg>Click Previous Month Button</arg>
<arg>ELSE</arg>
<arg>Click Next Month Button</arg>
<doc>Runs the given keyword with the given arguments, if ``condition`` is true.</doc>
<status status="PASS" start="2024-07-29T15:36:02.565352" elapsed="0.026508"/>
</kw>
<var name="${i}">17</var>
<status status="PASS" start="2024-07-29T15:36:02.544826" elapsed="0.047112"/>
</iter>
<iter>
<kw name="Get Text" owner="SeleniumLibrary">
<msg time="2024-07-29T15:36:02.602860" level="INFO">${currentMonth} = January</msg>
<var>${currentMonth}</var>
<arg>${datePickerMonthText}</arg>
<doc>Returns the text value of the element identified by ``locator``.</doc>
<status status="PASS" start="2024-07-29T15:36:02.592370" elapsed="0.010672"/>
</kw>
<kw name="Get Text" owner="SeleniumLibrary">
<msg time="2024-07-29T15:36:02.611882" level="INFO">${currentYear} = 2023</msg>
<var>${currentYear}</var>
<arg>${datePickerYearText}</arg>
<doc>Returns the text value of the element identified by ``locator``.</doc>
<status status="PASS" start="2024-07-29T15:36:02.603270" elapsed="0.008778"/>
</kw>
<kw name="Evaluate" owner="BuiltIn">
<msg time="2024-07-29T15:36:02.612664" level="INFO">${currentMonthIndex} = 1</msg>
<var>${currentMonthIndex}</var>
<arg>list(${monthsMap}.values()).index('${currentMonth}') + 1</arg>
<doc>Evaluates the given expression in Python and returns the result.</doc>
<status status="PASS" start="2024-07-29T15:36:02.612263" elapsed="0.000502"/>
</kw>
<kw name="Run Keyword If" owner="BuiltIn">
<arg>('${currentMonth}' == '${targetMonth}') and ('${currentYear}' == '${targetYear}')</arg>
<arg>Exit For Loop</arg>
<doc>Runs the given keyword with the given arguments, if ``condition`` is true.</doc>
<status status="PASS" start="2024-07-29T15:36:02.612934" elapsed="0.000248"/>
</kw>
<kw name="Run Keyword If" owner="BuiltIn">
<kw name="Click Previous Month Button" owner="datepicker">
<kw name="Click Element" owner="SeleniumLibrary">
<msg time="2024-07-29T15:36:02.614179" level="INFO">Clicking element 'class=ui-datepicker-prev'.</msg>
<arg>${previousMonthButton}</arg>
<doc>Click the element identified by ``locator``.</doc>
<status status="PASS" start="2024-07-29T15:36:02.613969" elapsed="0.023160"/>
</kw>
<status status="PASS" start="2024-07-29T15:36:02.613713" elapsed="0.023662"/>
</kw>
<arg>int(${currentYear}) &gt; int(${targetYear}) or (int(${currentYear}) == int(${targetYear}) and int(${currentMonthIndex}) &gt; int(${targetMonthIndex}))</arg>
<arg>Click Previous Month Button</arg>
<arg>ELSE</arg>
<arg>Click Next Month Button</arg>
<doc>Runs the given keyword with the given arguments, if ``condition`` is true.</doc>
<status status="PASS" start="2024-07-29T15:36:02.613341" elapsed="0.024129"/>
</kw>
<var name="${i}">18</var>
<status status="PASS" start="2024-07-29T15:36:02.592122" elapsed="0.045427"/>
</iter>
<iter>
<kw name="Get Text" owner="SeleniumLibrary">
<msg time="2024-07-29T15:36:02.667733" level="INFO">${currentMonth} = December</msg>
<var>${currentMonth}</var>
<arg>${datePickerMonthText}</arg>
<doc>Returns the text value of the element identified by ``locator``.</doc>
<status status="PASS" start="2024-07-29T15:36:02.637926" elapsed="0.030081"/>
</kw>
<kw name="Get Text" owner="SeleniumLibrary">
<msg time="2024-07-29T15:36:02.683447" level="INFO">${currentYear} = 2022</msg>
<var>${currentYear}</var>
<arg>${datePickerYearText}</arg>
<doc>Returns the text value of the element identified by ``locator``.</doc>
<status status="PASS" start="2024-07-29T15:36:02.668610" elapsed="0.015163"/>
</kw>
<kw name="Evaluate" owner="BuiltIn">
<msg time="2024-07-29T15:36:02.684745" level="INFO">${currentMonthIndex} = 12</msg>
<var>${currentMonthIndex}</var>
<arg>list(${monthsMap}.values()).index('${currentMonth}') + 1</arg>
<doc>Evaluates the given expression in Python and returns the result.</doc>
<status status="PASS" start="2024-07-29T15:36:02.684114" elapsed="0.000787"/>
</kw>
<kw name="Run Keyword If" owner="BuiltIn">
<kw name="Exit For Loop" owner="BuiltIn">
<msg time="2024-07-29T15:36:02.685825" level="INFO">Exiting for loop altogether.</msg>
<doc>Stops executing the enclosing FOR loop.</doc>
<status status="PASS" start="2024-07-29T15:36:02.685629" elapsed="0.000364"/>
</kw>
<arg>('${currentMonth}' == '${targetMonth}') and ('${currentYear}' == '${targetYear}')</arg>
<arg>Exit For Loop</arg>
<doc>Runs the given keyword with the given arguments, if ``condition`` is true.</doc>
<status status="PASS" start="2024-07-29T15:36:02.685148" elapsed="0.000957"/>
</kw>
<kw name="Run Keyword If" owner="BuiltIn">
<arg>int(${currentYear}) &gt; int(${targetYear}) or (int(${currentYear}) == int(${targetYear}) and int(${currentMonthIndex}) &gt; int(${targetMonthIndex}))</arg>
<arg>Click Previous Month Button</arg>
<arg>ELSE</arg>
<arg>Click Next Month Button</arg>
<doc>Runs the given keyword with the given arguments, if ``condition`` is true.</doc>
<status status="NOT RUN" start="2024-07-29T15:36:02.686290" elapsed="0.000111"/>
</kw>
<var name="${i}">19</var>
<status status="PASS" start="2024-07-29T15:36:02.637728" elapsed="0.048789"/>
</iter>
<var>${i}</var>
<value>100</value>
<status status="PASS" start="2024-07-29T15:36:01.643792" elapsed="1.042844"/>
</for>
<arg>${month}</arg>
<arg>${year}</arg>
<status status="PASS" start="2024-07-29T15:36:01.641046" elapsed="1.045769"/>
</kw>
<kw name="Select Day" owner="datepicker">
<kw name="Set Variable" owner="BuiltIn">
<msg time="2024-07-29T15:36:02.687944" level="INFO">${dayLocator} = //a[text()="25"]</msg>
<var>${dayLocator}</var>
<arg>//a[text()="${day}"]</arg>
<doc>Returns the given values which can then be assigned to a variables.</doc>
<status status="PASS" start="2024-07-29T15:36:02.687567" elapsed="0.000546"/>
</kw>
<kw name="Click Element" owner="SeleniumLibrary">
<msg time="2024-07-29T15:36:02.688699" level="INFO">Clicking element '//a[text()="25"]'.</msg>
<arg>${dayLocator}</arg>
<doc>Click the element identified by ``locator``.</doc>
<status status="PASS" start="2024-07-29T15:36:02.688348" elapsed="0.036046"/>
</kw>
<arg>${day}</arg>
<status status="PASS" start="2024-07-29T15:36:02.687082" elapsed="0.037658"/>
</kw>
<arg>${calendar}</arg>
<arg>${targetDate}</arg>
<status status="PASS" start="2024-07-29T15:36:01.561537" elapsed="1.163371"/>
</kw>
<arg>${targetDate}</arg>
<status status="PASS" start="2024-07-29T15:36:01.560861" elapsed="1.164167"/>
</kw>
<kw name="Validate Form Links" owner="testAutomationPractice">
<kw name="Validate Element Link" owner="commonKeywords">
<kw name="Get Element Attribute" owner="SeleniumLibrary">
<msg time="2024-07-29T15:36:02.742817" level="INFO">${link} = https://demo.opencart.com/</msg>
<var>${link}</var>
<arg>${locator}</arg>
<arg>href</arg>
<doc>Returns the value of ``attribute`` from the element ``locator``.</doc>
<status status="PASS" start="2024-07-29T15:36:02.726295" elapsed="0.016799"/>
</kw>
<kw name="Should Be Equal As Strings" owner="BuiltIn">
<arg>${link}</arg>
<arg>${expectedLink}</arg>
<doc>Fails if objects are unequal after converting them to strings.</doc>
<status status="PASS" start="2024-07-29T15:36:02.743417" elapsed="0.000454"/>
</kw>
<arg>${openCartLink}</arg>
<arg>https://demo.opencart.com/</arg>
<status status="PASS" start="2024-07-29T15:36:02.725832" elapsed="0.018217"/>
</kw>
<kw name="Validate Element Link" owner="commonKeywords">
<kw name="Get Element Attribute" owner="SeleniumLibrary">
<msg time="2024-07-29T15:36:02.757397" level="INFO">${link} = https://opensource-demo.orangehrmlive.com/web/index.php/auth/login</msg>
<var>${link}</var>
<arg>${locator}</arg>
<arg>href</arg>
<doc>Returns the value of ``attribute`` from the element ``locator``.</doc>
<status status="PASS" start="2024-07-29T15:36:02.744750" elapsed="0.012831"/>
</kw>
<kw name="Should Be Equal As Strings" owner="BuiltIn">
<arg>${link}</arg>
<arg>${expectedLink}</arg>
<doc>Fails if objects are unequal after converting them to strings.</doc>
<status status="PASS" start="2024-07-29T15:36:02.757800" elapsed="0.000289"/>
</kw>
<arg>${orangeHRMLink}</arg>
<arg>https://opensource-demo.orangehrmlive.com/web/index.php/auth/login</arg>
<status status="PASS" start="2024-07-29T15:36:02.744308" elapsed="0.013903"/>
</kw>
<status status="PASS" start="2024-07-29T15:36:02.725420" elapsed="0.032878"/>
</kw>
<kw name="Sleep" owner="BuiltIn">
<msg time="2024-07-29T15:36:05.759022" level="INFO">Slept 3 seconds.</msg>
<arg>3s</arg>
<doc>Pauses the test executed for the given time.</doc>
<status status="PASS" start="2024-07-29T15:36:02.758604" elapsed="3.000677"/>
</kw>
<kw name="Close Browser" owner="SeleniumLibrary" type="TEARDOWN">
<doc>Closes the current browser.</doc>
<status status="PASS" start="2024-07-29T15:36:05.759684" elapsed="0.059498"/>
</kw>
<status status="PASS" start="2024-07-29T15:35:56.675004" elapsed="9.144632"/>
</test>
<status status="PASS" start="2024-07-29T15:35:56.553931" elapsed="9.266527"/>
</suite>
<statistics>
<total>
<stat pass="1" fail="0" skip="0">All Tests</stat>
</total>
<tag>
</tag>
<suite>
<stat pass="1" fail="0" skip="0" id="s1" name="Test Bdd">Test Bdd</stat>
</suite>
</statistics>
<errors>
</errors>
</robot>
